2020-08-24 09:45:30.253  INFO 9064 --- [main] com.lt.AHReportApplication               : Starting AHReportApplication on LAPTOP-P5N9M6A1 with PID 9064 (D:\DASecurity\safety-report\AHreport\target\classes started by 13779 in D:\DASecurity\safety-report\AHreport)
2020-08-24 09:45:30.262  INFO 9064 --- [main] com.lt.AHReportApplication               : No active profile set, falling back to default profiles: default
2020-08-24 09:45:30.338  INFO 9064 --- [main] ConfigServletWebServerApplicationContext : Refreshing org.springframework.boot.web.servlet.context.AnnotationConfigServletWebServerApplicationContext@9353778: startup date [Mon Aug 24 09:45:30 CST 2020]; root of context hierarchy
2020-08-24 09:45:31.796  INFO 9064 --- [main] o.s.b.w.embedded.tomcat.TomcatWebServer  : Tomcat initialized with port(s): 8080 (http)
2020-08-24 09:45:31.813  INFO 9064 --- [main] o.apache.catalina.core.StandardService   : Starting service [Tomcat]
2020-08-24 09:45:31.813  INFO 9064 --- [main] org.apache.catalina.core.StandardEngine  : Starting Servlet Engine: Apache Tomcat/8.5.32
2020-08-24 09:45:31.817  INFO 9064 --- [localhost-startStop-1] o.a.catalina.core.AprLifecycleListener   : The APR based Apache Tomcat Native library which allows optimal performance in production environments was not found on the java.library.path: [D:\Java\jdk1.8.0_251\bin;C:\Windows\Sun\Java\bin;C:\Windows\system32;C:\Windows;D:\NetSarang\Xftp 6\;D:\NetSarang\Xshell 6\;C:\Program Files (x86)\Common Files\Oracle\Java\javapath;C:\Program Files (x86)\Intel\iCLS Client\;C:\Program Files\Intel\iCLS Client\;C:\Windows\system32;C:\Windows;C:\Windows\System32\Wbem;C:\Windows\System32\WindowsPowerShell\v1.0\;C:\Program Files (x86)\Intel\Intel(R) Management Engine Components\DAL;C:\Program Files\Intel\Intel(R) Management Engine Components\DAL;C:\Program Files (x86)\Intel\Intel(R) Management Engine Components\IPT;C:\Program Files\Intel\Intel(R) Management Engine Components\IPT;C:\Program Files (x86)\NVIDIA Corporation\PhysX\Common;C:\Windows\system32;C:\Windows;C:\Windows\System32\Wbem;C:\Windows\System32\WindowsPowerShell\v1.0\;C:\Windows\System32\OpenSSH\;D:\Java\jdk1.8.0_251\bin;D:\Java\jdk1.8.0_251\jre\bin;D:\Git\cmd;D:\apache-maven-3.6.3\bin;D:\mysql-8.0.21-winx64\bin;D:\IDM Computer Solutions\UltraEdit;D:\nodejs\;D:\phantomjs-2.1.1-windows\bin\;D:\Python\Python35\Scripts\;D:\Python\Python35\;C:\Users\13779\AppData\Local\Microsoft\WindowsApps;D:\Bandizip\;D:\Microsoft VS Code\bin;C:\Users\13779\AppData\Roaming\npm;;.]
2020-08-24 09:45:31.936  INFO 9064 --- [localhost-startStop-1] o.a.c.c.C.[Tomcat].[localhost].[/]       : Initializing Spring embedded WebApplicationContext
2020-08-24 09:45:31.937  INFO 9064 --- [localhost-startStop-1] o.s.web.context.ContextLoader            : Root WebApplicationContext: initialization completed in 1598 ms
2020-08-24 09:45:32.057  INFO 9064 --- [localhost-startStop-1] o.s.b.w.servlet.ServletRegistrationBean  : Servlet dispatcherServlet mapped to [/]
2020-08-24 09:45:32.058  INFO 9064 --- [localhost-startStop-1] o.s.b.w.servlet.ServletRegistrationBean  : Servlet statViewServlet mapped to [/druid/*]
2020-08-24 09:45:32.061  INFO 9064 --- [localhost-startStop-1] o.s.b.w.servlet.FilterRegistrationBean   : Mapping filter: 'characterEncodingFilter' to: [/*]
2020-08-24 09:45:32.061  INFO 9064 --- [localhost-startStop-1] o.s.b.w.servlet.FilterRegistrationBean   : Mapping filter: 'hiddenHttpMethodFilter' to: [/*]
2020-08-24 09:45:32.061  INFO 9064 --- [localhost-startStop-1] o.s.b.w.servlet.FilterRegistrationBean   : Mapping filter: 'httpPutFormContentFilter' to: [/*]
2020-08-24 09:45:32.061  INFO 9064 --- [localhost-startStop-1] o.s.b.w.servlet.FilterRegistrationBean   : Mapping filter: 'requestContextFilter' to: [/*]
2020-08-24 09:45:32.062  INFO 9064 --- [localhost-startStop-1] o.s.b.w.servlet.FilterRegistrationBean   : Mapping filter: 'webStatFilter' to urls: [/*]
2020-08-24 09:45:32.121  INFO 9064 --- [main] c.a.d.s.b.a.DruidDataSourceAutoConfigure : Init DruidDataSource
2020-08-24 09:45:34.636  INFO 9064 --- [main] com.alibaba.druid.pool.DruidDataSource   : {dataSource-1} inited
2020-08-24 09:45:35.072  INFO 9064 --- [main] o.s.w.s.handler.SimpleUrlHandlerMapping  : Mapped URL path [/**/favicon.ico] onto handler of type [class org.springframework.web.servlet.resource.ResourceHttpRequestHandler]
2020-08-24 09:45:35.204  INFO 9064 --- [main] s.w.s.m.m.a.RequestMappingHandlerAdapter : Looking for @ControllerAdvice: org.springframework.boot.web.servlet.context.AnnotationConfigServletWebServerApplicationContext@9353778: startup date [Mon Aug 24 09:45:30 CST 2020]; root of context hierarchy
2020-08-24 09:45:35.249  INFO 9064 --- [main] s.w.s.m.m.a.RequestMappingHandlerMapping : Mapped "{[/Attacker/analysis],methods=[POST]}" onto public com.lt.utils.DataResultUtil<com.lt.entity.vo.RespAttackerVo> com.lt.controller.AttackerController.AttackerAnalysis(com.lt.entity.vo.ReqVo)
2020-08-24 09:45:35.251  INFO 9064 --- [main] s.w.s.m.m.a.RequestMappingHandlerMapping : Mapped "{[/Attacker/topN],methods=[POST]}" onto public com.lt.utils.DataResultUtil<com.lt.entity.vo.RespAttackerTopNVo> com.lt.controller.AttackerController.topN(com.lt.entity.vo.ReqVo)
2020-08-24 09:45:35.251  INFO 9064 --- [main] s.w.s.m.m.a.RequestMappingHandlerMapping : Mapped "{[/DistributionTrend/all],methods=[POST]}" onto public com.lt.utils.DataResultUtil<com.lt.entity.vo.RespDTVo> com.lt.controller.DTController.DistributionTrend(com.lt.entity.vo.ReqVo)
2020-08-24 09:45:35.252  INFO 9064 --- [main] s.w.s.m.m.a.RequestMappingHandlerMapping : Mapped "{[/report/download],methods=[POST]}" onto public java.lang.String com.lt.controller.ReportDownloadController.downloadFile(com.lt.entity.vo.ReqVo,javax.servlet.http.HttpServletResponse)
2020-08-24 09:45:35.253  INFO 9064 --- [main] s.w.s.m.m.a.RequestMappingHandlerMapping : Mapped "{[/RiskAsset/all],methods=[POST]}" onto public com.lt.utils.DataResultUtil<com.lt.entity.vo.RespAssetVo> com.lt.controller.RiskAssetController.DistributionTrend(com.lt.entity.vo.ReqVo)
2020-08-24 09:45:35.254  INFO 9064 --- [main] s.w.s.m.m.a.RequestMappingHandlerMapping : Mapped "{[/suggestion/all],methods=[POST]}" onto public com.lt.utils.DataResultUtil<com.lt.entity.vo.RespSuggestionVo> com.lt.controller.SuggestionController.getSuggestions(com.lt.entity.vo.ReqVo)
2020-08-24 09:45:35.255  INFO 9064 --- [main] s.w.s.m.m.a.RequestMappingHandlerMapping : Mapped "{[/Victim/analysis],methods=[POST]}" onto public com.lt.utils.DataResultUtil<com.lt.entity.vo.RespVictimVo> com.lt.controller.VictimController.VictimAnalysis(com.lt.entity.vo.ReqVo)
2020-08-24 09:45:35.260  INFO 9064 --- [main] s.w.s.m.m.a.RequestMappingHandlerMapping : Mapped "{[/easypoi/wps/v1/3rd/file/getViewUrl],methods=[GET]}" onto public cn.afterturn.easypoi.wps.entity.WpsToken cn.afterturn.easypoi.wps.controller.EasyPoiFileController.getViewUrl(java.lang.String)
2020-08-24 09:45:35.260  INFO 9064 --- [main] s.w.s.m.m.a.RequestMappingHandlerMapping : Mapped "{[/easypoi/wps/v1/3rd/file/online],methods=[POST]}" onto public cn.afterturn.easypoi.wps.entity.resreq.WpsResponse cn.afterturn.easypoi.wps.controller.EasyPoiFileController.fileOnline(javax.servlet.http.HttpServletRequest,cn.afterturn.easypoi.wps.entity.resreq.WpsUserRequest)
2020-08-24 09:45:35.260  INFO 9064 --- [main] s.w.s.m.m.a.RequestMappingHandlerMapping : Mapped "{[/easypoi/wps/v1/3rd/file/save],methods=[POST]}" onto public cn.afterturn.easypoi.wps.entity.resreq.WpsFileSaveResponse cn.afterturn.easypoi.wps.controller.EasyPoiFileController.fileSave(javax.servlet.http.HttpServletRequest,java.lang.String,org.springframework.web.multipart.MultipartFile)
2020-08-24 09:45:35.260  INFO 9064 --- [main] s.w.s.m.m.a.RequestMappingHandlerMapping : Mapped "{[/easypoi/wps/v1/3rd/file/version/{version}],methods=[GET]}" onto public cn.afterturn.easypoi.wps.entity.resreq.WpsFileSaveResponse cn.afterturn.easypoi.wps.controller.EasyPoiFileController.fileVersion(javax.servlet.http.HttpServletRequest,java.lang.Integer,java.lang.String)
2020-08-24 09:45:35.261  INFO 9064 --- [main] s.w.s.m.m.a.RequestMappingHandlerMapping : Mapped "{[/easypoi/wps/v1/3rd/file/rename],methods=[PUT]}" onto public cn.afterturn.easypoi.wps.entity.resreq.WpsResponse cn.afterturn.easypoi.wps.controller.EasyPoiFileController.fileRename(javax.servlet.http.HttpServletRequest,cn.afterturn.easypoi.wps.entity.resreq.WpsRenameRequest,java.lang.String)
2020-08-24 09:45:35.261  INFO 9064 --- [main] s.w.s.m.m.a.RequestMappingHandlerMapping : Mapped "{[/easypoi/wps/v1/3rd/file/history],methods=[POST]}" onto public cn.afterturn.easypoi.wps.entity.resreq.WpsFileHistoryResponse cn.afterturn.easypoi.wps.controller.EasyPoiFileController.fileHistory(cn.afterturn.easypoi.wps.entity.resreq.WpsFileHistoryRequest)
2020-08-24 09:45:35.261  INFO 9064 --- [main] s.w.s.m.m.a.RequestMappingHandlerMapping : Mapped "{[/easypoi/wps/v1/3rd/file/info],methods=[GET]}" onto public cn.afterturn.easypoi.wps.entity.resreq.WpsFileResponse cn.afterturn.easypoi.wps.controller.EasyPoiFileController.getFileInfo(javax.servlet.http.HttpServletRequest,java.lang.String,java.lang.String)
2020-08-24 09:45:35.261  INFO 9064 --- [main] s.w.s.m.m.a.RequestMappingHandlerMapping : Mapped "{[/easypoi/wps/v1/3rd/file/new],methods=[POST]}" onto public cn.afterturn.easypoi.wps.entity.resreq.WpsResponse cn.afterturn.easypoi.wps.controller.EasyPoiFileController.fileNew(org.springframework.web.multipart.MultipartFile,java.lang.String)
2020-08-24 09:45:35.262  INFO 9064 --- [main] s.w.s.m.m.a.RequestMappingHandlerMapping : Mapped "{[/easypoi/wps/v1/3rd/file/onnotify],methods=[POST]}" onto public cn.afterturn.easypoi.wps.entity.resreq.WpsResponse cn.afterturn.easypoi.wps.controller.EasyPoiFileController.onNotify(java.util.Map)
2020-08-24 09:45:35.262  INFO 9064 --- [main] s.w.s.m.m.a.RequestMappingHandlerMapping : Mapped "{[/easypoi/wps/v1/3rd/file/info],methods=[POST]}" onto public cn.afterturn.easypoi.wps.entity.resreq.WpsUserResponse cn.afterturn.easypoi.wps.controller.EasyPoiUserController.userInfo(cn.afterturn.easypoi.wps.entity.resreq.WpsUserRequest)
2020-08-24 09:45:35.264  INFO 9064 --- [main] s.w.s.m.m.a.RequestMappingHandlerMapping : Mapped "{[/error]}" onto public org.springframework.http.ResponseEntity<java.util.Map<java.lang.String, java.lang.Object>> org.springframework.boot.autoconfigure.web.servlet.error.BasicErrorController.error(javax.servlet.http.HttpServletRequest)
2020-08-24 09:45:35.265  INFO 9064 --- [main] s.w.s.m.m.a.RequestMappingHandlerMapping : Mapped "{[/error],produces=[text/html]}" onto public org.springframework.web.servlet.ModelAndView org.springframework.boot.autoconfigure.web.servlet.error.BasicErrorController.errorHtml(javax.servlet.http.HttpServletRequest,javax.servlet.http.HttpServletResponse)
2020-08-24 09:45:35.290  INFO 9064 --- [main] o.s.w.s.handler.SimpleUrlHandlerMapping  : Mapped URL path [/webjars/**] onto handler of type [class org.springframework.web.servlet.resource.ResourceHttpRequestHandler]
2020-08-24 09:45:35.290  INFO 9064 --- [main] o.s.w.s.handler.SimpleUrlHandlerMapping  : Mapped URL path [/**] onto handler of type [class org.springframework.web.servlet.resource.ResourceHttpRequestHandler]
2020-08-24 09:45:35.535  INFO 9064 --- [main] o.s.j.e.a.AnnotationMBeanExporter        : Registering beans for JMX exposure on startup
2020-08-24 09:45:35.536  INFO 9064 --- [main] o.s.j.e.a.AnnotationMBeanExporter        : Bean with name 'statFilter' has been autodetected for JMX exposure
2020-08-24 09:45:35.536  INFO 9064 --- [main] o.s.j.e.a.AnnotationMBeanExporter        : Bean with name 'dataSource' has been autodetected for JMX exposure
2020-08-24 09:45:35.540  INFO 9064 --- [main] o.s.j.e.a.AnnotationMBeanExporter        : Located MBean 'dataSource': registering with JMX server as MBean [com.alibaba.druid.spring.boot.autoconfigure:name=dataSource,type=DruidDataSourceWrapper]
2020-08-24 09:45:35.541  INFO 9064 --- [main] o.s.j.e.a.AnnotationMBeanExporter        : Located MBean 'statFilter': registering with JMX server as MBean [com.alibaba.druid.filter.stat:name=statFilter,type=StatFilter]
2020-08-24 09:45:35.572  INFO 9064 --- [main] o.s.b.w.embedded.tomcat.TomcatWebServer  : Tomcat started on port(s): 8080 (http) with context path ''
2020-08-24 09:45:35.576  INFO 9064 --- [main] com.lt.AHReportApplication               : Started AHReportApplication in 5.818 seconds (JVM running for 6.925)
2020-08-24 09:45:45.498  INFO 9064 --- [http-nio-8080-exec-1] o.a.c.c.C.[Tomcat].[localhost].[/]       : Initializing Spring FrameworkServlet 'dispatcherServlet'
2020-08-24 09:45:45.498  INFO 9064 --- [http-nio-8080-exec-1] o.s.web.servlet.DispatcherServlet        : FrameworkServlet 'dispatcherServlet': initialization started
2020-08-24 09:45:45.539  INFO 9064 --- [http-nio-8080-exec-1] o.s.web.servlet.DispatcherServlet        : FrameworkServlet 'dispatcherServlet': initialization completed in 41 ms
2020-08-24 09:46:24.936  INFO 27180 --- [main] com.lt.AHReportApplication               : Starting AHReportApplication on LAPTOP-P5N9M6A1 with PID 27180 (D:\DASecurity\safety-report\AHreport\target\classes started by 13779 in D:\DASecurity\safety-report\AHreport)
2020-08-24 09:46:24.940  INFO 27180 --- [main] com.lt.AHReportApplication               : No active profile set, falling back to default profiles: default
2020-08-24 09:46:24.999  INFO 27180 --- [main] ConfigServletWebServerApplicationContext : Refreshing org.springframework.boot.web.servlet.context.AnnotationConfigServletWebServerApplicationContext@3911c2a7: startup date [Mon Aug 24 09:46:24 CST 2020]; root of context hierarchy
2020-08-24 09:46:26.212  INFO 27180 --- [main] o.s.b.w.embedded.tomcat.TomcatWebServer  : Tomcat initialized with port(s): 8080 (http)
2020-08-24 09:46:26.227  INFO 27180 --- [main] o.apache.catalina.core.StandardService   : Starting service [Tomcat]
2020-08-24 09:46:26.227  INFO 27180 --- [main] org.apache.catalina.core.StandardEngine  : Starting Servlet Engine: Apache Tomcat/8.5.32
2020-08-24 09:46:26.231  INFO 27180 --- [localhost-startStop-1] o.a.catalina.core.AprLifecycleListener   : The APR based Apache Tomcat Native library which allows optimal performance in production environments was not found on the java.library.path: [D:\Java\jdk1.8.0_251\bin;C:\Windows\Sun\Java\bin;C:\Windows\system32;C:\Windows;D:\NetSarang\Xftp 6\;D:\NetSarang\Xshell 6\;C:\Program Files (x86)\Common Files\Oracle\Java\javapath;C:\Program Files (x86)\Intel\iCLS Client\;C:\Program Files\Intel\iCLS Client\;C:\Windows\system32;C:\Windows;C:\Windows\System32\Wbem;C:\Windows\System32\WindowsPowerShell\v1.0\;C:\Program Files (x86)\Intel\Intel(R) Management Engine Components\DAL;C:\Program Files\Intel\Intel(R) Management Engine Components\DAL;C:\Program Files (x86)\Intel\Intel(R) Management Engine Components\IPT;C:\Program Files\Intel\Intel(R) Management Engine Components\IPT;C:\Program Files (x86)\NVIDIA Corporation\PhysX\Common;C:\Windows\system32;C:\Windows;C:\Windows\System32\Wbem;C:\Windows\System32\WindowsPowerShell\v1.0\;C:\Windows\System32\OpenSSH\;D:\Java\jdk1.8.0_251\bin;D:\Java\jdk1.8.0_251\jre\bin;D:\Git\cmd;D:\apache-maven-3.6.3\bin;D:\mysql-8.0.21-winx64\bin;D:\IDM Computer Solutions\UltraEdit;D:\nodejs\;D:\phantomjs-2.1.1-windows\bin\;D:\Python\Python35\Scripts\;D:\Python\Python35\;C:\Users\13779\AppData\Local\Microsoft\WindowsApps;D:\Bandizip\;D:\Microsoft VS Code\bin;C:\Users\13779\AppData\Roaming\npm;;.]
2020-08-24 09:46:26.342  INFO 27180 --- [localhost-startStop-1] o.a.c.c.C.[Tomcat].[localhost].[/]       : Initializing Spring embedded WebApplicationContext
2020-08-24 09:46:26.342  INFO 27180 --- [localhost-startStop-1] o.s.web.context.ContextLoader            : Root WebApplicationContext: initialization completed in 1343 ms
2020-08-24 09:46:26.461  INFO 27180 --- [localhost-startStop-1] o.s.b.w.servlet.ServletRegistrationBean  : Servlet dispatcherServlet mapped to [/]
2020-08-24 09:46:26.462  INFO 27180 --- [localhost-startStop-1] o.s.b.w.servlet.ServletRegistrationBean  : Servlet statViewServlet mapped to [/druid/*]
2020-08-24 09:46:26.465  INFO 27180 --- [localhost-startStop-1] o.s.b.w.servlet.FilterRegistrationBean   : Mapping filter: 'characterEncodingFilter' to: [/*]
2020-08-24 09:46:26.465  INFO 27180 --- [localhost-startStop-1] o.s.b.w.servlet.FilterRegistrationBean   : Mapping filter: 'hiddenHttpMethodFilter' to: [/*]
2020-08-24 09:46:26.465  INFO 27180 --- [localhost-startStop-1] o.s.b.w.servlet.FilterRegistrationBean   : Mapping filter: 'httpPutFormContentFilter' to: [/*]
2020-08-24 09:46:26.466  INFO 27180 --- [localhost-startStop-1] o.s.b.w.servlet.FilterRegistrationBean   : Mapping filter: 'requestContextFilter' to: [/*]
2020-08-24 09:46:26.466  INFO 27180 --- [localhost-startStop-1] o.s.b.w.servlet.FilterRegistrationBean   : Mapping filter: 'webStatFilter' to urls: [/*]
2020-08-24 09:46:26.522  INFO 27180 --- [main] c.a.d.s.b.a.DruidDataSourceAutoConfigure : Init DruidDataSource
2020-08-24 09:46:29.002  INFO 27180 --- [main] com.alibaba.druid.pool.DruidDataSource   : {dataSource-1} inited
2020-08-24 09:46:29.387  INFO 27180 --- [main] o.s.w.s.handler.SimpleUrlHandlerMapping  : Mapped URL path [/**/favicon.ico] onto handler of type [class org.springframework.web.servlet.resource.ResourceHttpRequestHandler]
2020-08-24 09:46:29.517  INFO 27180 --- [main] s.w.s.m.m.a.RequestMappingHandlerAdapter : Looking for @ControllerAdvice: org.springframework.boot.web.servlet.context.AnnotationConfigServletWebServerApplicationContext@3911c2a7: startup date [Mon Aug 24 09:46:24 CST 2020]; root of context hierarchy
2020-08-24 09:46:29.558  INFO 27180 --- [main] s.w.s.m.m.a.RequestMappingHandlerMapping : Mapped "{[/Attacker/analysis],methods=[POST]}" onto public com.lt.utils.DataResultUtil<com.lt.entity.vo.RespAttackerVo> com.lt.controller.AttackerController.AttackerAnalysis(com.lt.entity.vo.ReqVo)
2020-08-24 09:46:29.559  INFO 27180 --- [main] s.w.s.m.m.a.RequestMappingHandlerMapping : Mapped "{[/Attacker/topN],methods=[POST]}" onto public com.lt.utils.DataResultUtil<com.lt.entity.vo.RespAttackerTopNVo> com.lt.controller.AttackerController.topN(com.lt.entity.vo.ReqVo)
2020-08-24 09:46:29.560  INFO 27180 --- [main] s.w.s.m.m.a.RequestMappingHandlerMapping : Mapped "{[/DistributionTrend/all],methods=[POST]}" onto public com.lt.utils.DataResultUtil<com.lt.entity.vo.RespDTVo> com.lt.controller.DTController.DistributionTrend(com.lt.entity.vo.ReqVo)
2020-08-24 09:46:29.561  INFO 27180 --- [main] s.w.s.m.m.a.RequestMappingHandlerMapping : Mapped "{[/report/download],methods=[POST]}" onto public java.lang.String com.lt.controller.ReportDownloadController.downloadFile(com.lt.entity.vo.ReqVo,javax.servlet.http.HttpServletResponse)
2020-08-24 09:46:29.562  INFO 27180 --- [main] s.w.s.m.m.a.RequestMappingHandlerMapping : Mapped "{[/RiskAsset/all],methods=[POST]}" onto public com.lt.utils.DataResultUtil<com.lt.entity.vo.RespAssetVo> com.lt.controller.RiskAssetController.DistributionTrend(com.lt.entity.vo.ReqVo)
2020-08-24 09:46:29.563  INFO 27180 --- [main] s.w.s.m.m.a.RequestMappingHandlerMapping : Mapped "{[/suggestion/all],methods=[POST]}" onto public com.lt.utils.DataResultUtil<com.lt.entity.vo.RespSuggestionVo> com.lt.controller.SuggestionController.getSuggestions(com.lt.entity.vo.ReqVo)
2020-08-24 09:46:29.563  INFO 27180 --- [main] s.w.s.m.m.a.RequestMappingHandlerMapping : Mapped "{[/Victim/analysis],methods=[POST]}" onto public com.lt.utils.DataResultUtil<com.lt.entity.vo.RespVictimVo> com.lt.controller.VictimController.VictimAnalysis(com.lt.entity.vo.ReqVo)
2020-08-24 09:46:29.568  INFO 27180 --- [main] s.w.s.m.m.a.RequestMappingHandlerMapping : Mapped "{[/easypoi/wps/v1/3rd/file/info],methods=[GET]}" onto public cn.afterturn.easypoi.wps.entity.resreq.WpsFileResponse cn.afterturn.easypoi.wps.controller.EasyPoiFileController.getFileInfo(javax.servlet.http.HttpServletRequest,java.lang.String,java.lang.String)
2020-08-24 09:46:29.568  INFO 27180 --- [main] s.w.s.m.m.a.RequestMappingHandlerMapping : Mapped "{[/easypoi/wps/v1/3rd/file/online],methods=[POST]}" onto public cn.afterturn.easypoi.wps.entity.resreq.WpsResponse cn.afterturn.easypoi.wps.controller.EasyPoiFileController.fileOnline(javax.servlet.http.HttpServletRequest,cn.afterturn.easypoi.wps.entity.resreq.WpsUserRequest)
2020-08-24 09:46:29.568  INFO 27180 --- [main] s.w.s.m.m.a.RequestMappingHandlerMapping : Mapped "{[/easypoi/wps/v1/3rd/file/save],methods=[POST]}" onto public cn.afterturn.easypoi.wps.entity.resreq.WpsFileSaveResponse cn.afterturn.easypoi.wps.controller.EasyPoiFileController.fileSave(javax.servlet.http.HttpServletRequest,java.lang.String,org.springframework.web.multipart.MultipartFile)
2020-08-24 09:46:29.569  INFO 27180 --- [main] s.w.s.m.m.a.RequestMappingHandlerMapping : Mapped "{[/easypoi/wps/v1/3rd/file/rename],methods=[PUT]}" onto public cn.afterturn.easypoi.wps.entity.resreq.WpsResponse cn.afterturn.easypoi.wps.controller.EasyPoiFileController.fileRename(javax.servlet.http.HttpServletRequest,cn.afterturn.easypoi.wps.entity.resreq.WpsRenameRequest,java.lang.String)
2020-08-24 09:46:29.569  INFO 27180 --- [main] s.w.s.m.m.a.RequestMappingHandlerMapping : Mapped "{[/easypoi/wps/v1/3rd/file/onnotify],methods=[POST]}" onto public cn.afterturn.easypoi.wps.entity.resreq.WpsResponse cn.afterturn.easypoi.wps.controller.EasyPoiFileController.onNotify(java.util.Map)
2020-08-24 09:46:29.569  INFO 27180 --- [main] s.w.s.m.m.a.RequestMappingHandlerMapping : Mapped "{[/easypoi/wps/v1/3rd/file/getViewUrl],methods=[GET]}" onto public cn.afterturn.easypoi.wps.entity.WpsToken cn.afterturn.easypoi.wps.controller.EasyPoiFileController.getViewUrl(java.lang.String)
2020-08-24 09:46:29.570  INFO 27180 --- [main] s.w.s.m.m.a.RequestMappingHandlerMapping : Mapped "{[/easypoi/wps/v1/3rd/file/version/{version}],methods=[GET]}" onto public cn.afterturn.easypoi.wps.entity.resreq.WpsFileSaveResponse cn.afterturn.easypoi.wps.controller.EasyPoiFileController.fileVersion(javax.servlet.http.HttpServletRequest,java.lang.Integer,java.lang.String)
2020-08-24 09:46:29.570  INFO 27180 --- [main] s.w.s.m.m.a.RequestMappingHandlerMapping : Mapped "{[/easypoi/wps/v1/3rd/file/history],methods=[POST]}" onto public cn.afterturn.easypoi.wps.entity.resreq.WpsFileHistoryResponse cn.afterturn.easypoi.wps.controller.EasyPoiFileController.fileHistory(cn.afterturn.easypoi.wps.entity.resreq.WpsFileHistoryRequest)
2020-08-24 09:46:29.570  INFO 27180 --- [main] s.w.s.m.m.a.RequestMappingHandlerMapping : Mapped "{[/easypoi/wps/v1/3rd/file/new],methods=[POST]}" onto public cn.afterturn.easypoi.wps.entity.resreq.WpsResponse cn.afterturn.easypoi.wps.controller.EasyPoiFileController.fileNew(org.springframework.web.multipart.MultipartFile,java.lang.String)
2020-08-24 09:46:29.571  INFO 27180 --- [main] s.w.s.m.m.a.RequestMappingHandlerMapping : Mapped "{[/easypoi/wps/v1/3rd/file/info],methods=[POST]}" onto public cn.afterturn.easypoi.wps.entity.resreq.WpsUserResponse cn.afterturn.easypoi.wps.controller.EasyPoiUserController.userInfo(cn.afterturn.easypoi.wps.entity.resreq.WpsUserRequest)
2020-08-24 09:46:29.573  INFO 27180 --- [main] s.w.s.m.m.a.RequestMappingHandlerMapping : Mapped "{[/error]}" onto public org.springframework.http.ResponseEntity<java.util.Map<java.lang.String, java.lang.Object>> org.springframework.boot.autoconfigure.web.servlet.error.BasicErrorController.error(javax.servlet.http.HttpServletRequest)
2020-08-24 09:46:29.574  INFO 27180 --- [main] s.w.s.m.m.a.RequestMappingHandlerMapping : Mapped "{[/error],produces=[text/html]}" onto public org.springframework.web.servlet.ModelAndView org.springframework.boot.autoconfigure.web.servlet.error.BasicErrorController.errorHtml(javax.servlet.http.HttpServletRequest,javax.servlet.http.HttpServletResponse)
2020-08-24 09:46:29.594  INFO 27180 --- [main] o.s.w.s.handler.SimpleUrlHandlerMapping  : Mapped URL path [/webjars/**] onto handler of type [class org.springframework.web.servlet.resource.ResourceHttpRequestHandler]
2020-08-24 09:46:29.595  INFO 27180 --- [main] o.s.w.s.handler.SimpleUrlHandlerMapping  : Mapped URL path [/**] onto handler of type [class org.springframework.web.servlet.resource.ResourceHttpRequestHandler]
2020-08-24 09:46:29.817  INFO 27180 --- [main] o.s.j.e.a.AnnotationMBeanExporter        : Registering beans for JMX exposure on startup
2020-08-24 09:46:29.818  INFO 27180 --- [main] o.s.j.e.a.AnnotationMBeanExporter        : Bean with name 'statFilter' has been autodetected for JMX exposure
2020-08-24 09:46:29.818  INFO 27180 --- [main] o.s.j.e.a.AnnotationMBeanExporter        : Bean with name 'dataSource' has been autodetected for JMX exposure
2020-08-24 09:46:29.823  INFO 27180 --- [main] o.s.j.e.a.AnnotationMBeanExporter        : Located MBean 'dataSource': registering with JMX server as MBean [com.alibaba.druid.spring.boot.autoconfigure:name=dataSource,type=DruidDataSourceWrapper]
2020-08-24 09:46:29.824  INFO 27180 --- [main] o.s.j.e.a.AnnotationMBeanExporter        : Located MBean 'statFilter': registering with JMX server as MBean [com.alibaba.druid.filter.stat:name=statFilter,type=StatFilter]
2020-08-24 09:46:29.856  INFO 27180 --- [main] o.s.b.w.embedded.tomcat.TomcatWebServer  : Tomcat started on port(s): 8080 (http) with context path ''
2020-08-24 09:46:29.859  INFO 27180 --- [main] com.lt.AHReportApplication               : Started AHReportApplication in 5.297 seconds (JVM running for 6.264)
2020-08-24 09:46:38.000  INFO 27180 --- [http-nio-8080-exec-2] o.a.c.c.C.[Tomcat].[localhost].[/]       : Initializing Spring FrameworkServlet 'dispatcherServlet'
2020-08-24 09:46:38.000  INFO 27180 --- [http-nio-8080-exec-2] o.s.web.servlet.DispatcherServlet        : FrameworkServlet 'dispatcherServlet': initialization started
2020-08-24 09:46:38.047  INFO 27180 --- [http-nio-8080-exec-2] o.s.web.servlet.DispatcherServlet        : FrameworkServlet 'dispatcherServlet': initialization completed in 47 ms
2020-08-24 10:04:15.191  INFO 4068 --- [main] com.lt.AHReportApplication               : Starting AHReportApplication on LAPTOP-P5N9M6A1 with PID 4068 (D:\DASecurity\safety-report\AHreport\target\classes started by 13779 in D:\DASecurity\safety-report\AHreport)
2020-08-24 10:04:15.195  INFO 4068 --- [main] com.lt.AHReportApplication               : No active profile set, falling back to default profiles: default
2020-08-24 10:04:15.258  INFO 4068 --- [main] ConfigServletWebServerApplicationContext : Refreshing org.springframework.boot.web.servlet.context.AnnotationConfigServletWebServerApplicationContext@3d74bf60: startup date [Mon Aug 24 10:04:15 CST 2020]; root of context hierarchy
2020-08-24 10:04:16.517  INFO 4068 --- [main] o.s.b.w.embedded.tomcat.TomcatWebServer  : Tomcat initialized with port(s): 8080 (http)
2020-08-24 10:04:16.546  INFO 4068 --- [main] o.apache.catalina.core.StandardService   : Starting service [Tomcat]
2020-08-24 10:04:16.547  INFO 4068 --- [main] org.apache.catalina.core.StandardEngine  : Starting Servlet Engine: Apache Tomcat/8.5.32
2020-08-24 10:04:16.550  INFO 4068 --- [localhost-startStop-1] o.a.catalina.core.AprLifecycleListener   : The APR based Apache Tomcat Native library which allows optimal performance in production environments was not found on the java.library.path: [D:\Java\jdk1.8.0_251\bin;C:\Windows\Sun\Java\bin;C:\Windows\system32;C:\Windows;D:\NetSarang\Xftp 6\;D:\NetSarang\Xshell 6\;C:\Program Files (x86)\Common Files\Oracle\Java\javapath;C:\Program Files (x86)\Intel\iCLS Client\;C:\Program Files\Intel\iCLS Client\;C:\Windows\system32;C:\Windows;C:\Windows\System32\Wbem;C:\Windows\System32\WindowsPowerShell\v1.0\;C:\Program Files (x86)\Intel\Intel(R) Management Engine Components\DAL;C:\Program Files\Intel\Intel(R) Management Engine Components\DAL;C:\Program Files (x86)\Intel\Intel(R) Management Engine Components\IPT;C:\Program Files\Intel\Intel(R) Management Engine Components\IPT;C:\Program Files (x86)\NVIDIA Corporation\PhysX\Common;C:\Windows\system32;C:\Windows;C:\Windows\System32\Wbem;C:\Windows\System32\WindowsPowerShell\v1.0\;C:\Windows\System32\OpenSSH\;D:\Java\jdk1.8.0_251\bin;D:\Java\jdk1.8.0_251\jre\bin;D:\Git\cmd;D:\apache-maven-3.6.3\bin;D:\mysql-8.0.21-winx64\bin;D:\IDM Computer Solutions\UltraEdit;D:\nodejs\;D:\phantomjs-2.1.1-windows\bin\;D:\Python\Python35\Scripts\;D:\Python\Python35\;C:\Users\13779\AppData\Local\Microsoft\WindowsApps;D:\Bandizip\;D:\Microsoft VS Code\bin;C:\Users\13779\AppData\Roaming\npm;;.]
2020-08-24 10:04:16.702  INFO 4068 --- [localhost-startStop-1] o.a.c.c.C.[Tomcat].[localhost].[/]       : Initializing Spring embedded WebApplicationContext
2020-08-24 10:04:16.702  INFO 4068 --- [localhost-startStop-1] o.s.web.context.ContextLoader            : Root WebApplicationContext: initialization completed in 1444 ms
2020-08-24 10:04:16.888  INFO 4068 --- [localhost-startStop-1] o.s.b.w.servlet.ServletRegistrationBean  : Servlet dispatcherServlet mapped to [/]
2020-08-24 10:04:16.890  INFO 4068 --- [localhost-startStop-1] o.s.b.w.servlet.ServletRegistrationBean  : Servlet statViewServlet mapped to [/druid/*]
2020-08-24 10:04:16.892  INFO 4068 --- [localhost-startStop-1] o.s.b.w.servlet.FilterRegistrationBean   : Mapping filter: 'characterEncodingFilter' to: [/*]
2020-08-24 10:04:16.893  INFO 4068 --- [localhost-startStop-1] o.s.b.w.servlet.FilterRegistrationBean   : Mapping filter: 'hiddenHttpMethodFilter' to: [/*]
2020-08-24 10:04:16.893  INFO 4068 --- [localhost-startStop-1] o.s.b.w.servlet.FilterRegistrationBean   : Mapping filter: 'httpPutFormContentFilter' to: [/*]
2020-08-24 10:04:16.893  INFO 4068 --- [localhost-startStop-1] o.s.b.w.servlet.FilterRegistrationBean   : Mapping filter: 'requestContextFilter' to: [/*]
2020-08-24 10:04:16.893  INFO 4068 --- [localhost-startStop-1] o.s.b.w.servlet.FilterRegistrationBean   : Mapping filter: 'webStatFilter' to urls: [/*]
2020-08-24 10:04:16.975  INFO 4068 --- [main] c.a.d.s.b.a.DruidDataSourceAutoConfigure : Init DruidDataSource
2020-08-24 10:04:19.358  INFO 4068 --- [main] com.alibaba.druid.pool.DruidDataSource   : {dataSource-1} inited
2020-08-24 10:04:19.838  INFO 4068 --- [main] o.s.w.s.handler.SimpleUrlHandlerMapping  : Mapped URL path [/**/favicon.ico] onto handler of type [class org.springframework.web.servlet.resource.ResourceHttpRequestHandler]
2020-08-24 10:04:20.035  INFO 4068 --- [main] s.w.s.m.m.a.RequestMappingHandlerAdapter : Looking for @ControllerAdvice: org.springframework.boot.web.servlet.context.AnnotationConfigServletWebServerApplicationContext@3d74bf60: startup date [Mon Aug 24 10:04:15 CST 2020]; root of context hierarchy
2020-08-24 10:04:20.088  INFO 4068 --- [main] s.w.s.m.m.a.RequestMappingHandlerMapping : Mapped "{[/Attacker/topN],methods=[POST]}" onto public com.lt.utils.DataResultUtil<com.lt.entity.vo.RespAttackerTopNVo> com.lt.controller.AttackerController.topN(com.lt.entity.vo.ReqVo)
2020-08-24 10:04:20.090  INFO 4068 --- [main] s.w.s.m.m.a.RequestMappingHandlerMapping : Mapped "{[/Attacker/analysis],methods=[POST]}" onto public com.lt.utils.DataResultUtil<com.lt.entity.vo.RespAttackerVo> com.lt.controller.AttackerController.AttackerAnalysis(com.lt.entity.vo.ReqVo)
2020-08-24 10:04:20.091  INFO 4068 --- [main] s.w.s.m.m.a.RequestMappingHandlerMapping : Mapped "{[/DistributionTrend/all],methods=[POST]}" onto public com.lt.utils.DataResultUtil<com.lt.entity.vo.RespDTVo> com.lt.controller.DTController.DistributionTrend(com.lt.entity.vo.ReqVo)
2020-08-24 10:04:20.091  INFO 4068 --- [main] s.w.s.m.m.a.RequestMappingHandlerMapping : Mapped "{[/report/download],methods=[POST]}" onto public java.lang.String com.lt.controller.ReportDownloadController.downloadFile(com.lt.entity.vo.ReqVo,javax.servlet.http.HttpServletResponse)
2020-08-24 10:04:20.092  INFO 4068 --- [main] s.w.s.m.m.a.RequestMappingHandlerMapping : Mapped "{[/RiskAsset/all],methods=[POST]}" onto public com.lt.utils.DataResultUtil<com.lt.entity.vo.RespAssetVo> com.lt.controller.RiskAssetController.DistributionTrend(com.lt.entity.vo.ReqVo)
2020-08-24 10:04:20.093  INFO 4068 --- [main] s.w.s.m.m.a.RequestMappingHandlerMapping : Mapped "{[/suggestion/all],methods=[POST]}" onto public com.lt.utils.DataResultUtil<com.lt.entity.vo.RespSuggestionVo> com.lt.controller.SuggestionController.getSuggestions(com.lt.entity.vo.ReqVo)
2020-08-24 10:04:20.093  INFO 4068 --- [main] s.w.s.m.m.a.RequestMappingHandlerMapping : Mapped "{[/Victim/analysis],methods=[POST]}" onto public com.lt.utils.DataResultUtil<com.lt.entity.vo.RespVictimVo> com.lt.controller.VictimController.VictimAnalysis(com.lt.entity.vo.ReqVo)
2020-08-24 10:04:20.098  INFO 4068 --- [main] s.w.s.m.m.a.RequestMappingHandlerMapping : Mapped "{[/easypoi/wps/v1/3rd/file/history],methods=[POST]}" onto public cn.afterturn.easypoi.wps.entity.resreq.WpsFileHistoryResponse cn.afterturn.easypoi.wps.controller.EasyPoiFileController.fileHistory(cn.afterturn.easypoi.wps.entity.resreq.WpsFileHistoryRequest)
2020-08-24 10:04:20.099  INFO 4068 --- [main] s.w.s.m.m.a.RequestMappingHandlerMapping : Mapped "{[/easypoi/wps/v1/3rd/file/new],methods=[POST]}" onto public cn.afterturn.easypoi.wps.entity.resreq.WpsResponse cn.afterturn.easypoi.wps.controller.EasyPoiFileController.fileNew(org.springframework.web.multipart.MultipartFile,java.lang.String)
2020-08-24 10:04:20.099  INFO 4068 --- [main] s.w.s.m.m.a.RequestMappingHandlerMapping : Mapped "{[/easypoi/wps/v1/3rd/file/info],methods=[GET]}" onto public cn.afterturn.easypoi.wps.entity.resreq.WpsFileResponse cn.afterturn.easypoi.wps.controller.EasyPoiFileController.getFileInfo(javax.servlet.http.HttpServletRequest,java.lang.String,java.lang.String)
2020-08-24 10:04:20.099  INFO 4068 --- [main] s.w.s.m.m.a.RequestMappingHandlerMapping : Mapped "{[/easypoi/wps/v1/3rd/file/online],methods=[POST]}" onto public cn.afterturn.easypoi.wps.entity.resreq.WpsResponse cn.afterturn.easypoi.wps.controller.EasyPoiFileController.fileOnline(javax.servlet.http.HttpServletRequest,cn.afterturn.easypoi.wps.entity.resreq.WpsUserRequest)
2020-08-24 10:04:20.099  INFO 4068 --- [main] s.w.s.m.m.a.RequestMappingHandlerMapping : Mapped "{[/easypoi/wps/v1/3rd/file/version/{version}],methods=[GET]}" onto public cn.afterturn.easypoi.wps.entity.resreq.WpsFileSaveResponse cn.afterturn.easypoi.wps.controller.EasyPoiFileController.fileVersion(javax.servlet.http.HttpServletRequest,java.lang.Integer,java.lang.String)
2020-08-24 10:04:20.100  INFO 4068 --- [main] s.w.s.m.m.a.RequestMappingHandlerMapping : Mapped "{[/easypoi/wps/v1/3rd/file/save],methods=[POST]}" onto public cn.afterturn.easypoi.wps.entity.resreq.WpsFileSaveResponse cn.afterturn.easypoi.wps.controller.EasyPoiFileController.fileSave(javax.servlet.http.HttpServletRequest,java.lang.String,org.springframework.web.multipart.MultipartFile)
2020-08-24 10:04:20.100  INFO 4068 --- [main] s.w.s.m.m.a.RequestMappingHandlerMapping : Mapped "{[/easypoi/wps/v1/3rd/file/getViewUrl],methods=[GET]}" onto public cn.afterturn.easypoi.wps.entity.WpsToken cn.afterturn.easypoi.wps.controller.EasyPoiFileController.getViewUrl(java.lang.String)
2020-08-24 10:04:20.100  INFO 4068 --- [main] s.w.s.m.m.a.RequestMappingHandlerMapping : Mapped "{[/easypoi/wps/v1/3rd/file/onnotify],methods=[POST]}" onto public cn.afterturn.easypoi.wps.entity.resreq.WpsResponse cn.afterturn.easypoi.wps.controller.EasyPoiFileController.onNotify(java.util.Map)
2020-08-24 10:04:20.100  INFO 4068 --- [main] s.w.s.m.m.a.RequestMappingHandlerMapping : Mapped "{[/easypoi/wps/v1/3rd/file/rename],methods=[PUT]}" onto public cn.afterturn.easypoi.wps.entity.resreq.WpsResponse cn.afterturn.easypoi.wps.controller.EasyPoiFileController.fileRename(javax.servlet.http.HttpServletRequest,cn.afterturn.easypoi.wps.entity.resreq.WpsRenameRequest,java.lang.String)
2020-08-24 10:04:20.101  INFO 4068 --- [main] s.w.s.m.m.a.RequestMappingHandlerMapping : Mapped "{[/easypoi/wps/v1/3rd/file/info],methods=[POST]}" onto public cn.afterturn.easypoi.wps.entity.resreq.WpsUserResponse cn.afterturn.easypoi.wps.controller.EasyPoiUserController.userInfo(cn.afterturn.easypoi.wps.entity.resreq.WpsUserRequest)
2020-08-24 10:04:20.103  INFO 4068 --- [main] s.w.s.m.m.a.RequestMappingHandlerMapping : Mapped "{[/error]}" onto public org.springframework.http.ResponseEntity<java.util.Map<java.lang.String, java.lang.Object>> org.springframework.boot.autoconfigure.web.servlet.error.BasicErrorController.error(javax.servlet.http.HttpServletRequest)
2020-08-24 10:04:20.103  INFO 4068 --- [main] s.w.s.m.m.a.RequestMappingHandlerMapping : Mapped "{[/error],produces=[text/html]}" onto public org.springframework.web.servlet.ModelAndView org.springframework.boot.autoconfigure.web.servlet.error.BasicErrorController.errorHtml(javax.servlet.http.HttpServletRequest,javax.servlet.http.HttpServletResponse)
2020-08-24 10:04:20.128  INFO 4068 --- [main] o.s.w.s.handler.SimpleUrlHandlerMapping  : Mapped URL path [/webjars/**] onto handler of type [class org.springframework.web.servlet.resource.ResourceHttpRequestHandler]
2020-08-24 10:04:20.128  INFO 4068 --- [main] o.s.w.s.handler.SimpleUrlHandlerMapping  : Mapped URL path [/**] onto handler of type [class org.springframework.web.servlet.resource.ResourceHttpRequestHandler]
2020-08-24 10:04:20.425  INFO 4068 --- [main] o.s.j.e.a.AnnotationMBeanExporter        : Registering beans for JMX exposure on startup
2020-08-24 10:04:20.427  INFO 4068 --- [main] o.s.j.e.a.AnnotationMBeanExporter        : Bean with name 'statFilter' has been autodetected for JMX exposure
2020-08-24 10:04:20.427  INFO 4068 --- [main] o.s.j.e.a.AnnotationMBeanExporter        : Bean with name 'dataSource' has been autodetected for JMX exposure
2020-08-24 10:04:20.431  INFO 4068 --- [main] o.s.j.e.a.AnnotationMBeanExporter        : Located MBean 'dataSource': registering with JMX server as MBean [com.alibaba.druid.spring.boot.autoconfigure:name=dataSource,type=DruidDataSourceWrapper]
2020-08-24 10:04:20.432  INFO 4068 --- [main] o.s.j.e.a.AnnotationMBeanExporter        : Located MBean 'statFilter': registering with JMX server as MBean [com.alibaba.druid.filter.stat:name=statFilter,type=StatFilter]
2020-08-24 10:04:20.469  INFO 4068 --- [main] o.s.b.w.embedded.tomcat.TomcatWebServer  : Tomcat started on port(s): 8080 (http) with context path ''
2020-08-24 10:04:20.475  INFO 4068 --- [main] com.lt.AHReportApplication               : Started AHReportApplication in 5.735 seconds (JVM running for 6.863)
2020-08-24 10:04:32.171  INFO 4068 --- [http-nio-8080-exec-2] o.a.c.c.C.[Tomcat].[localhost].[/]       : Initializing Spring FrameworkServlet 'dispatcherServlet'
2020-08-24 10:04:32.171  INFO 4068 --- [http-nio-8080-exec-2] o.s.web.servlet.DispatcherServlet        : FrameworkServlet 'dispatcherServlet': initialization started
2020-08-24 10:04:32.202  INFO 4068 --- [http-nio-8080-exec-2] o.s.web.servlet.DispatcherServlet        : FrameworkServlet 'dispatcherServlet': initialization completed in 31 ms
2020-08-24 18:21:35.345  INFO 23728 --- [main] com.lt.AHReportApplication               : Starting AHReportApplication on LAPTOP-P5N9M6A1 with PID 23728 (D:\DASecurity\safety-report\AHreport\target\classes started by 13779 in D:\DASecurity\safety-report\AHreport)
2020-08-24 18:21:35.350  INFO 23728 --- [main] com.lt.AHReportApplication               : No active profile set, falling back to default profiles: default
2020-08-24 18:21:35.422  INFO 23728 --- [main] ConfigServletWebServerApplicationContext : Refreshing org.springframework.boot.web.servlet.context.AnnotationConfigServletWebServerApplicationContext@a9cd3b1: startup date [Mon Aug 24 18:21:35 CST 2020]; root of context hierarchy
2020-08-24 18:21:36.606  INFO 23728 --- [main] o.s.b.w.embedded.tomcat.TomcatWebServer  : Tomcat initialized with port(s): 8080 (http)
2020-08-24 18:21:36.622  INFO 23728 --- [main] o.apache.catalina.core.StandardService   : Starting service [Tomcat]
2020-08-24 18:21:36.622  INFO 23728 --- [main] org.apache.catalina.core.StandardEngine  : Starting Servlet Engine: Apache Tomcat/8.5.32
2020-08-24 18:21:36.626  INFO 23728 --- [localhost-startStop-1] o.a.catalina.core.AprLifecycleListener   : The APR based Apache Tomcat Native library which allows optimal performance in production environments was not found on the java.library.path: [D:\Java\jdk1.8.0_251\bin;C:\Windows\Sun\Java\bin;C:\Windows\system32;C:\Windows;D:\NetSarang\Xftp 6\;D:\NetSarang\Xshell 6\;C:\Program Files (x86)\Common Files\Oracle\Java\javapath;C:\Program Files (x86)\Intel\iCLS Client\;C:\Program Files\Intel\iCLS Client\;C:\Windows\system32;C:\Windows;C:\Windows\System32\Wbem;C:\Windows\System32\WindowsPowerShell\v1.0\;C:\Program Files (x86)\Intel\Intel(R) Management Engine Components\DAL;C:\Program Files\Intel\Intel(R) Management Engine Components\DAL;C:\Program Files (x86)\Intel\Intel(R) Management Engine Components\IPT;C:\Program Files\Intel\Intel(R) Management Engine Components\IPT;C:\Program Files (x86)\NVIDIA Corporation\PhysX\Common;C:\Windows\system32;C:\Windows;C:\Windows\System32\Wbem;C:\Windows\System32\WindowsPowerShell\v1.0\;C:\Windows\System32\OpenSSH\;D:\Java\jdk1.8.0_251\bin;D:\Java\jdk1.8.0_251\jre\bin;D:\Git\cmd;D:\apache-maven-3.6.3\bin;D:\mysql-8.0.21-winx64\bin;D:\IDM Computer Solutions\UltraEdit;D:\nodejs\;D:\phantomjs-2.1.1-windows\bin\;D:\Python\Python35\Scripts\;D:\Python\Python35\;C:\Users\13779\AppData\Local\Microsoft\WindowsApps;D:\Bandizip\;D:\Microsoft VS Code\bin;C:\Users\13779\AppData\Roaming\npm;;.]
2020-08-24 18:21:36.755  INFO 23728 --- [localhost-startStop-1] o.a.c.c.C.[Tomcat].[localhost].[/]       : Initializing Spring embedded WebApplicationContext
2020-08-24 18:21:36.755  INFO 23728 --- [localhost-startStop-1] o.s.web.context.ContextLoader            : Root WebApplicationContext: initialization completed in 1333 ms
2020-08-24 18:21:36.878  INFO 23728 --- [localhost-startStop-1] o.s.b.w.servlet.ServletRegistrationBean  : Servlet dispatcherServlet mapped to [/]
2020-08-24 18:21:36.879  INFO 23728 --- [localhost-startStop-1] o.s.b.w.servlet.ServletRegistrationBean  : Servlet statViewServlet mapped to [/druid/*]
2020-08-24 18:21:36.882  INFO 23728 --- [localhost-startStop-1] o.s.b.w.servlet.FilterRegistrationBean   : Mapping filter: 'characterEncodingFilter' to: [/*]
2020-08-24 18:21:36.883  INFO 23728 --- [localhost-startStop-1] o.s.b.w.servlet.FilterRegistrationBean   : Mapping filter: 'hiddenHttpMethodFilter' to: [/*]
2020-08-24 18:21:36.883  INFO 23728 --- [localhost-startStop-1] o.s.b.w.servlet.FilterRegistrationBean   : Mapping filter: 'httpPutFormContentFilter' to: [/*]
2020-08-24 18:21:36.883  INFO 23728 --- [localhost-startStop-1] o.s.b.w.servlet.FilterRegistrationBean   : Mapping filter: 'requestContextFilter' to: [/*]
2020-08-24 18:21:36.883  INFO 23728 --- [localhost-startStop-1] o.s.b.w.servlet.FilterRegistrationBean   : Mapping filter: 'webStatFilter' to urls: [/*]
2020-08-24 18:21:36.954  INFO 23728 --- [main] c.a.d.s.b.a.DruidDataSourceAutoConfigure : Init DruidDataSource
2020-08-24 18:21:40.170  INFO 23728 --- [main] com.alibaba.druid.pool.DruidDataSource   : {dataSource-1} inited
2020-08-24 18:21:40.520  INFO 23728 --- [main] o.s.w.s.handler.SimpleUrlHandlerMapping  : Mapped URL path [/**/favicon.ico] onto handler of type [class org.springframework.web.servlet.resource.ResourceHttpRequestHandler]
2020-08-24 18:21:40.670  INFO 23728 --- [main] s.w.s.m.m.a.RequestMappingHandlerAdapter : Looking for @ControllerAdvice: org.springframework.boot.web.servlet.context.AnnotationConfigServletWebServerApplicationContext@a9cd3b1: startup date [Mon Aug 24 18:21:35 CST 2020]; root of context hierarchy
2020-08-24 18:21:40.709  INFO 23728 --- [main] s.w.s.m.m.a.RequestMappingHandlerMapping : Mapped "{[/Attacker/topN],methods=[POST]}" onto public com.lt.utils.DataResultUtil<com.lt.entity.vo.RespAttackerTopNVo> com.lt.controller.AttackerController.topN(com.lt.entity.vo.ReqVo)
2020-08-24 18:21:40.711  INFO 23728 --- [main] s.w.s.m.m.a.RequestMappingHandlerMapping : Mapped "{[/Attacker/analysis],methods=[POST]}" onto public com.lt.utils.DataResultUtil<com.lt.entity.vo.RespAttackerVo> com.lt.controller.AttackerController.AttackerAnalysis(com.lt.entity.vo.ReqVo)
2020-08-24 18:21:40.711  INFO 23728 --- [main] s.w.s.m.m.a.RequestMappingHandlerMapping : Mapped "{[/DistributionTrend/all],methods=[POST]}" onto public com.lt.utils.DataResultUtil<com.lt.entity.vo.RespDTVo> com.lt.controller.DTController.DistributionTrend(com.lt.entity.vo.ReqVo)
2020-08-24 18:21:40.712  INFO 23728 --- [main] s.w.s.m.m.a.RequestMappingHandlerMapping : Mapped "{[/report/download],methods=[POST]}" onto public java.lang.String com.lt.controller.ReportDownloadController.downloadFile(com.lt.entity.vo.ReqVo,javax.servlet.http.HttpServletResponse)
2020-08-24 18:21:40.713  INFO 23728 --- [main] s.w.s.m.m.a.RequestMappingHandlerMapping : Mapped "{[/RiskAsset/all],methods=[POST]}" onto public com.lt.utils.DataResultUtil<com.lt.entity.vo.RespAssetVo> com.lt.controller.RiskAssetController.DistributionTrend(com.lt.entity.vo.ReqVo)
2020-08-24 18:21:40.714  INFO 23728 --- [main] s.w.s.m.m.a.RequestMappingHandlerMapping : Mapped "{[/suggestion/all],methods=[POST]}" onto public com.lt.utils.DataResultUtil<com.lt.entity.vo.RespSuggestionVo> com.lt.controller.SuggestionController.getSuggestions(com.lt.entity.vo.ReqVo)
2020-08-24 18:21:40.714  INFO 23728 --- [main] s.w.s.m.m.a.RequestMappingHandlerMapping : Mapped "{[/Victim/analysis],methods=[POST]}" onto public com.lt.utils.DataResultUtil<com.lt.entity.vo.RespVictimVo> com.lt.controller.VictimController.VictimAnalysis(com.lt.entity.vo.ReqVo)
2020-08-24 18:21:40.719  INFO 23728 --- [main] s.w.s.m.m.a.RequestMappingHandlerMapping : Mapped "{[/easypoi/wps/v1/3rd/file/version/{version}],methods=[GET]}" onto public cn.afterturn.easypoi.wps.entity.resreq.WpsFileSaveResponse cn.afterturn.easypoi.wps.controller.EasyPoiFileController.fileVersion(javax.servlet.http.HttpServletRequest,java.lang.Integer,java.lang.String)
2020-08-24 18:21:40.719  INFO 23728 --- [main] s.w.s.m.m.a.RequestMappingHandlerMapping : Mapped "{[/easypoi/wps/v1/3rd/file/new],methods=[POST]}" onto public cn.afterturn.easypoi.wps.entity.resreq.WpsResponse cn.afterturn.easypoi.wps.controller.EasyPoiFileController.fileNew(org.springframework.web.multipart.MultipartFile,java.lang.String)
2020-08-24 18:21:40.719  INFO 23728 --- [main] s.w.s.m.m.a.RequestMappingHandlerMapping : Mapped "{[/easypoi/wps/v1/3rd/file/rename],methods=[PUT]}" onto public cn.afterturn.easypoi.wps.entity.resreq.WpsResponse cn.afterturn.easypoi.wps.controller.EasyPoiFileController.fileRename(javax.servlet.http.HttpServletRequest,cn.afterturn.easypoi.wps.entity.resreq.WpsRenameRequest,java.lang.String)
2020-08-24 18:21:40.720  INFO 23728 --- [main] s.w.s.m.m.a.RequestMappingHandlerMapping : Mapped "{[/easypoi/wps/v1/3rd/file/history],methods=[POST]}" onto public cn.afterturn.easypoi.wps.entity.resreq.WpsFileHistoryResponse cn.afterturn.easypoi.wps.controller.EasyPoiFileController.fileHistory(cn.afterturn.easypoi.wps.entity.resreq.WpsFileHistoryRequest)
2020-08-24 18:21:40.720  INFO 23728 --- [main] s.w.s.m.m.a.RequestMappingHandlerMapping : Mapped "{[/easypoi/wps/v1/3rd/file/onnotify],methods=[POST]}" onto public cn.afterturn.easypoi.wps.entity.resreq.WpsResponse cn.afterturn.easypoi.wps.controller.EasyPoiFileController.onNotify(java.util.Map)
2020-08-24 18:21:40.720  INFO 23728 --- [main] s.w.s.m.m.a.RequestMappingHandlerMapping : Mapped "{[/easypoi/wps/v1/3rd/file/info],methods=[GET]}" onto public cn.afterturn.easypoi.wps.entity.resreq.WpsFileResponse cn.afterturn.easypoi.wps.controller.EasyPoiFileController.getFileInfo(javax.servlet.http.HttpServletRequest,java.lang.String,java.lang.String)
2020-08-24 18:21:40.720  INFO 23728 --- [main] s.w.s.m.m.a.RequestMappingHandlerMapping : Mapped "{[/easypoi/wps/v1/3rd/file/online],methods=[POST]}" onto public cn.afterturn.easypoi.wps.entity.resreq.WpsResponse cn.afterturn.easypoi.wps.controller.EasyPoiFileController.fileOnline(javax.servlet.http.HttpServletRequest,cn.afterturn.easypoi.wps.entity.resreq.WpsUserRequest)
2020-08-24 18:21:40.721  INFO 23728 --- [main] s.w.s.m.m.a.RequestMappingHandlerMapping : Mapped "{[/easypoi/wps/v1/3rd/file/getViewUrl],methods=[GET]}" onto public cn.afterturn.easypoi.wps.entity.WpsToken cn.afterturn.easypoi.wps.controller.EasyPoiFileController.getViewUrl(java.lang.String)
2020-08-24 18:21:40.721  INFO 23728 --- [main] s.w.s.m.m.a.RequestMappingHandlerMapping : Mapped "{[/easypoi/wps/v1/3rd/file/save],methods=[POST]}" onto public cn.afterturn.easypoi.wps.entity.resreq.WpsFileSaveResponse cn.afterturn.easypoi.wps.controller.EasyPoiFileController.fileSave(javax.servlet.http.HttpServletRequest,java.lang.String,org.springframework.web.multipart.MultipartFile)
2020-08-24 18:21:40.721  INFO 23728 --- [main] s.w.s.m.m.a.RequestMappingHandlerMapping : Mapped "{[/easypoi/wps/v1/3rd/file/info],methods=[POST]}" onto public cn.afterturn.easypoi.wps.entity.resreq.WpsUserResponse cn.afterturn.easypoi.wps.controller.EasyPoiUserController.userInfo(cn.afterturn.easypoi.wps.entity.resreq.WpsUserRequest)
2020-08-24 18:21:40.723  INFO 23728 --- [main] s.w.s.m.m.a.RequestMappingHandlerMapping : Mapped "{[/error]}" onto public org.springframework.http.ResponseEntity<java.util.Map<java.lang.String, java.lang.Object>> org.springframework.boot.autoconfigure.web.servlet.error.BasicErrorController.error(javax.servlet.http.HttpServletRequest)
2020-08-24 18:21:40.724  INFO 23728 --- [main] s.w.s.m.m.a.RequestMappingHandlerMapping : Mapped "{[/error],produces=[text/html]}" onto public org.springframework.web.servlet.ModelAndView org.springframework.boot.autoconfigure.web.servlet.error.BasicErrorController.errorHtml(javax.servlet.http.HttpServletRequest,javax.servlet.http.HttpServletResponse)
2020-08-24 18:21:40.749  INFO 23728 --- [main] o.s.w.s.handler.SimpleUrlHandlerMapping  : Mapped URL path [/webjars/**] onto handler of type [class org.springframework.web.servlet.resource.ResourceHttpRequestHandler]
2020-08-24 18:21:40.749  INFO 23728 --- [main] o.s.w.s.handler.SimpleUrlHandlerMapping  : Mapped URL path [/**] onto handler of type [class org.springframework.web.servlet.resource.ResourceHttpRequestHandler]
2020-08-24 18:21:40.956  INFO 23728 --- [main] o.s.j.e.a.AnnotationMBeanExporter        : Registering beans for JMX exposure on startup
2020-08-24 18:21:40.958  INFO 23728 --- [main] o.s.j.e.a.AnnotationMBeanExporter        : Bean with name 'statFilter' has been autodetected for JMX exposure
2020-08-24 18:21:40.958  INFO 23728 --- [main] o.s.j.e.a.AnnotationMBeanExporter        : Bean with name 'dataSource' has been autodetected for JMX exposure
2020-08-24 18:21:40.962  INFO 23728 --- [main] o.s.j.e.a.AnnotationMBeanExporter        : Located MBean 'dataSource': registering with JMX server as MBean [com.alibaba.druid.spring.boot.autoconfigure:name=dataSource,type=DruidDataSourceWrapper]
2020-08-24 18:21:40.964  INFO 23728 --- [main] o.s.j.e.a.AnnotationMBeanExporter        : Located MBean 'statFilter': registering with JMX server as MBean [com.alibaba.druid.filter.stat:name=statFilter,type=StatFilter]
2020-08-24 18:21:40.994  INFO 23728 --- [main] o.s.b.w.embedded.tomcat.TomcatWebServer  : Tomcat started on port(s): 8080 (http) with context path ''
2020-08-24 18:21:40.999  INFO 23728 --- [main] com.lt.AHReportApplication               : Started AHReportApplication in 6.232 seconds (JVM running for 7.775)
2020-08-24 18:21:55.991  INFO 23728 --- [http-nio-8080-exec-2] o.a.c.c.C.[Tomcat].[localhost].[/]       : Initializing Spring FrameworkServlet 'dispatcherServlet'
2020-08-24 18:21:55.991  INFO 23728 --- [http-nio-8080-exec-2] o.s.web.servlet.DispatcherServlet        : FrameworkServlet 'dispatcherServlet': initialization started
2020-08-24 18:21:56.029  INFO 23728 --- [http-nio-8080-exec-2] o.s.web.servlet.DispatcherServlet        : FrameworkServlet 'dispatcherServlet': initialization completed in 37 ms
2020-08-24 18:22:15.925 ERROR 23728 --- [http-nio-8080-exec-3] o.a.c.c.C.[.[.[/].[dispatcherServlet]    : Servlet.service() for servlet [dispatcherServlet] in context with path [] threw exception [Request processing failed; nested exception is java.lang.NullPointerException] with root cause

java.lang.NullPointerException: null
	at com.lt.controller.AttackerController.AttackerAnalysis(AttackerController.java:40) ~[classes/:na]
	at sun.reflect.NativeMethodAccessorImpl.invoke0(Native Method) ~[na:1.8.0_251]
	at sun.reflect.NativeMethodAccessorImpl.invoke(NativeMethodAccessorImpl.java:62) ~[na:1.8.0_251]
	at sun.reflect.DelegatingMethodAccessorImpl.invoke(DelegatingMethodAccessorImpl.java:43) ~[na:1.8.0_251]
	at java.lang.reflect.Method.invoke(Method.java:498) ~[na:1.8.0_251]
	at org.springframework.web.method.support.InvocableHandlerMethod.doInvoke(InvocableHandlerMethod.java:209) ~[spring-web-5.0.8.RELEASE.jar:5.0.8.RELEASE]
	at org.springframework.web.method.support.InvocableHandlerMethod.invokeForRequest(InvocableHandlerMethod.java:136) ~[spring-web-5.0.8.RELEASE.jar:5.0.8.RELEASE]
	at org.springframework.web.servlet.mvc.method.annotation.ServletInvocableHandlerMethod.invokeAndHandle(ServletInvocableHandlerMethod.java:102) ~[spring-webmvc-5.0.8.RELEASE.jar:5.0.8.RELEASE]
	at org.springframework.web.servlet.mvc.method.annotation.RequestMappingHandlerAdapter.invokeHandlerMethod(RequestMappingHandlerAdapter.java:877) ~[spring-webmvc-5.0.8.RELEASE.jar:5.0.8.RELEASE]
	at org.springframework.web.servlet.mvc.method.annotation.RequestMappingHandlerAdapter.handleInternal(RequestMappingHandlerAdapter.java:783) ~[spring-webmvc-5.0.8.RELEASE.jar:5.0.8.RELEASE]
	at org.springframework.web.servlet.mvc.method.AbstractHandlerMethodAdapter.handle(AbstractHandlerMethodAdapter.java:87) ~[spring-webmvc-5.0.8.RELEASE.jar:5.0.8.RELEASE]
	at org.springframework.web.servlet.DispatcherServlet.doDispatch(DispatcherServlet.java:991) ~[spring-webmvc-5.0.8.RELEASE.jar:5.0.8.RELEASE]
	at org.springframework.web.servlet.DispatcherServlet.doService(DispatcherServlet.java:925) ~[spring-webmvc-5.0.8.RELEASE.jar:5.0.8.RELEASE]
	at org.springframework.web.servlet.FrameworkServlet.processRequest(FrameworkServlet.java:974) ~[spring-webmvc-5.0.8.RELEASE.jar:5.0.8.RELEASE]
	at org.springframework.web.servlet.FrameworkServlet.doPost(FrameworkServlet.java:877) ~[spring-webmvc-5.0.8.RELEASE.jar:5.0.8.RELEASE]
	at javax.servlet.http.HttpServlet.service(HttpServlet.java:661) ~[tomcat-embed-core-8.5.32.jar:8.5.32]
	at org.springframework.web.servlet.FrameworkServlet.service(FrameworkServlet.java:851) ~[spring-webmvc-5.0.8.RELEASE.jar:5.0.8.RELEASE]
	at javax.servlet.http.HttpServlet.service(HttpServlet.java:742) ~[tomcat-embed-core-8.5.32.jar:8.5.32]
	at org.apache.catalina.core.ApplicationFilterChain.internalDoFilter(ApplicationFilterChain.java:231) ~[tomcat-embed-core-8.5.32.jar:8.5.32]
	at org.apache.catalina.core.ApplicationFilterChain.doFilter(ApplicationFilterChain.java:166) ~[tomcat-embed-core-8.5.32.jar:8.5.32]
	at org.apache.tomcat.websocket.server.WsFilter.doFilter(WsFilter.java:52) ~[tomcat-embed-websocket-8.5.32.jar:8.5.32]
	at org.apache.catalina.core.ApplicationFilterChain.internalDoFilter(ApplicationFilterChain.java:193) ~[tomcat-embed-core-8.5.32.jar:8.5.32]
	at org.apache.catalina.core.ApplicationFilterChain.doFilter(ApplicationFilterChain.java:166) ~[tomcat-embed-core-8.5.32.jar:8.5.32]
	at com.alibaba.druid.support.http.WebStatFilter.doFilter(WebStatFilter.java:123) ~[druid-1.1.10.jar:1.1.10]
	at org.apache.catalina.core.ApplicationFilterChain.internalDoFilter(ApplicationFilterChain.java:193) ~[tomcat-embed-core-8.5.32.jar:8.5.32]
	at org.apache.catalina.core.ApplicationFilterChain.doFilter(ApplicationFilterChain.java:166) ~[tomcat-embed-core-8.5.32.jar:8.5.32]
	at org.springframework.web.filter.RequestContextFilter.doFilterInternal(RequestContextFilter.java:99) ~[spring-web-5.0.8.RELEASE.jar:5.0.8.RELEASE]
	at org.springframework.web.filter.OncePerRequestFilter.doFilter(OncePerRequestFilter.java:107) ~[spring-web-5.0.8.RELEASE.jar:5.0.8.RELEASE]
	at org.apache.catalina.core.ApplicationFilterChain.internalDoFilter(ApplicationFilterChain.java:193) ~[tomcat-embed-core-8.5.32.jar:8.5.32]
	at org.apache.catalina.core.ApplicationFilterChain.doFilter(ApplicationFilterChain.java:166) ~[tomcat-embed-core-8.5.32.jar:8.5.32]
	at org.springframework.web.filter.HttpPutFormContentFilter.doFilterInternal(HttpPutFormContentFilter.java:109) ~[spring-web-5.0.8.RELEASE.jar:5.0.8.RELEASE]
	at org.springframework.web.filter.OncePerRequestFilter.doFilter(OncePerRequestFilter.java:107) ~[spring-web-5.0.8.RELEASE.jar:5.0.8.RELEASE]
	at org.apache.catalina.core.ApplicationFilterChain.internalDoFilter(ApplicationFilterChain.java:193) ~[tomcat-embed-core-8.5.32.jar:8.5.32]
	at org.apache.catalina.core.ApplicationFilterChain.doFilter(ApplicationFilterChain.java:166) ~[tomcat-embed-core-8.5.32.jar:8.5.32]
	at org.springframework.web.filter.HiddenHttpMethodFilter.doFilterInternal(HiddenHttpMethodFilter.java:93) ~[spring-web-5.0.8.RELEASE.jar:5.0.8.RELEASE]
	at org.springframework.web.filter.OncePerRequestFilter.doFilter(OncePerRequestFilter.java:107) ~[spring-web-5.0.8.RELEASE.jar:5.0.8.RELEASE]
	at org.apache.catalina.core.ApplicationFilterChain.internalDoFilter(ApplicationFilterChain.java:193) ~[tomcat-embed-core-8.5.32.jar:8.5.32]
	at org.apache.catalina.core.ApplicationFilterChain.doFilter(ApplicationFilterChain.java:166) ~[tomcat-embed-core-8.5.32.jar:8.5.32]
	at org.springframework.web.filter.CharacterEncodingFilter.doFilterInternal(CharacterEncodingFilter.java:200) ~[spring-web-5.0.8.RELEASE.jar:5.0.8.RELEASE]
	at org.springframework.web.filter.OncePerRequestFilter.doFilter(OncePerRequestFilter.java:107) ~[spring-web-5.0.8.RELEASE.jar:5.0.8.RELEASE]
	at org.apache.catalina.core.ApplicationFilterChain.internalDoFilter(ApplicationFilterChain.java:193) ~[tomcat-embed-core-8.5.32.jar:8.5.32]
	at org.apache.catalina.core.ApplicationFilterChain.doFilter(ApplicationFilterChain.java:166) ~[tomcat-embed-core-8.5.32.jar:8.5.32]
	at org.apache.catalina.core.StandardWrapperValve.invoke(StandardWrapperValve.java:198) ~[tomcat-embed-core-8.5.32.jar:8.5.32]
	at org.apache.catalina.core.StandardContextValve.invoke(StandardContextValve.java:96) [tomcat-embed-core-8.5.32.jar:8.5.32]
	at org.apache.catalina.authenticator.AuthenticatorBase.invoke(AuthenticatorBase.java:493) [tomcat-embed-core-8.5.32.jar:8.5.32]
	at org.apache.catalina.core.StandardHostValve.invoke(StandardHostValve.java:140) [tomcat-embed-core-8.5.32.jar:8.5.32]
	at org.apache.catalina.valves.ErrorReportValve.invoke(ErrorReportValve.java:81) [tomcat-embed-core-8.5.32.jar:8.5.32]
	at org.apache.catalina.core.StandardEngineValve.invoke(StandardEngineValve.java:87) [tomcat-embed-core-8.5.32.jar:8.5.32]
	at org.apache.catalina.connector.CoyoteAdapter.service(CoyoteAdapter.java:342) [tomcat-embed-core-8.5.32.jar:8.5.32]
	at org.apache.coyote.http11.Http11Processor.service(Http11Processor.java:800) [tomcat-embed-core-8.5.32.jar:8.5.32]
	at org.apache.coyote.AbstractProcessorLight.process(AbstractProcessorLight.java:66) [tomcat-embed-core-8.5.32.jar:8.5.32]
	at org.apache.coyote.AbstractProtocol$ConnectionHandler.process(AbstractProtocol.java:800) [tomcat-embed-core-8.5.32.jar:8.5.32]
	at org.apache.tomcat.util.net.NioEndpoint$SocketProcessor.doRun(NioEndpoint.java:1471) [tomcat-embed-core-8.5.32.jar:8.5.32]
	at org.apache.tomcat.util.net.SocketProcessorBase.run(SocketProcessorBase.java:49) [tomcat-embed-core-8.5.32.jar:8.5.32]
	at java.util.concurrent.ThreadPoolExecutor.runWorker(ThreadPoolExecutor.java:1149) [na:1.8.0_251]
	at java.util.concurrent.ThreadPoolExecutor$Worker.run(ThreadPoolExecutor.java:624) [na:1.8.0_251]
	at org.apache.tomcat.util.threads.TaskThread$WrappingRunnable.run(TaskThread.java:61) [tomcat-embed-core-8.5.32.jar:8.5.32]
	at java.lang.Thread.run(Thread.java:748) [na:1.8.0_251]

2020-08-24 18:25:04.102  INFO 17488 --- [main] com.lt.AHReportApplication               : Starting AHReportApplication on LAPTOP-P5N9M6A1 with PID 17488 (D:\DASecurity\safety-report\AHreport\target\classes started by 13779 in D:\DASecurity\safety-report\AHreport)
2020-08-24 18:25:04.105  INFO 17488 --- [main] com.lt.AHReportApplication               : No active profile set, falling back to default profiles: default
2020-08-24 18:25:04.155  INFO 17488 --- [main] ConfigServletWebServerApplicationContext : Refreshing org.springframework.boot.web.servlet.context.AnnotationConfigServletWebServerApplicationContext@4ac3c60d: startup date [Mon Aug 24 18:25:04 CST 2020]; root of context hierarchy
2020-08-24 18:25:05.351  INFO 17488 --- [main] o.s.b.w.embedded.tomcat.TomcatWebServer  : Tomcat initialized with port(s): 8080 (http)
2020-08-24 18:25:05.367  INFO 17488 --- [main] o.apache.catalina.core.StandardService   : Starting service [Tomcat]
2020-08-24 18:25:05.367  INFO 17488 --- [main] org.apache.catalina.core.StandardEngine  : Starting Servlet Engine: Apache Tomcat/8.5.32
2020-08-24 18:25:05.370  INFO 17488 --- [localhost-startStop-1] o.a.catalina.core.AprLifecycleListener   : The APR based Apache Tomcat Native library which allows optimal performance in production environments was not found on the java.library.path: [D:\Java\jdk1.8.0_251\bin;C:\Windows\Sun\Java\bin;C:\Windows\system32;C:\Windows;D:\NetSarang\Xftp 6\;D:\NetSarang\Xshell 6\;C:\Program Files (x86)\Common Files\Oracle\Java\javapath;C:\Program Files (x86)\Intel\iCLS Client\;C:\Program Files\Intel\iCLS Client\;C:\Windows\system32;C:\Windows;C:\Windows\System32\Wbem;C:\Windows\System32\WindowsPowerShell\v1.0\;C:\Program Files (x86)\Intel\Intel(R) Management Engine Components\DAL;C:\Program Files\Intel\Intel(R) Management Engine Components\DAL;C:\Program Files (x86)\Intel\Intel(R) Management Engine Components\IPT;C:\Program Files\Intel\Intel(R) Management Engine Components\IPT;C:\Program Files (x86)\NVIDIA Corporation\PhysX\Common;C:\Windows\system32;C:\Windows;C:\Windows\System32\Wbem;C:\Windows\System32\WindowsPowerShell\v1.0\;C:\Windows\System32\OpenSSH\;D:\Java\jdk1.8.0_251\bin;D:\Java\jdk1.8.0_251\jre\bin;D:\Git\cmd;D:\apache-maven-3.6.3\bin;D:\mysql-8.0.21-winx64\bin;D:\IDM Computer Solutions\UltraEdit;D:\nodejs\;D:\phantomjs-2.1.1-windows\bin\;D:\Python\Python35\Scripts\;D:\Python\Python35\;C:\Users\13779\AppData\Local\Microsoft\WindowsApps;D:\Bandizip\;D:\Microsoft VS Code\bin;C:\Users\13779\AppData\Roaming\npm;;.]
2020-08-24 18:25:05.483  INFO 17488 --- [localhost-startStop-1] o.a.c.c.C.[Tomcat].[localhost].[/]       : Initializing Spring embedded WebApplicationContext
2020-08-24 18:25:05.483  INFO 17488 --- [localhost-startStop-1] o.s.web.context.ContextLoader            : Root WebApplicationContext: initialization completed in 1329 ms
2020-08-24 18:25:05.598  INFO 17488 --- [localhost-startStop-1] o.s.b.w.servlet.ServletRegistrationBean  : Servlet dispatcherServlet mapped to [/]
2020-08-24 18:25:05.599  INFO 17488 --- [localhost-startStop-1] o.s.b.w.servlet.ServletRegistrationBean  : Servlet statViewServlet mapped to [/druid/*]
2020-08-24 18:25:05.602  INFO 17488 --- [localhost-startStop-1] o.s.b.w.servlet.FilterRegistrationBean   : Mapping filter: 'characterEncodingFilter' to: [/*]
2020-08-24 18:25:05.602  INFO 17488 --- [localhost-startStop-1] o.s.b.w.servlet.FilterRegistrationBean   : Mapping filter: 'hiddenHttpMethodFilter' to: [/*]
2020-08-24 18:25:05.603  INFO 17488 --- [localhost-startStop-1] o.s.b.w.servlet.FilterRegistrationBean   : Mapping filter: 'httpPutFormContentFilter' to: [/*]
2020-08-24 18:25:05.603  INFO 17488 --- [localhost-startStop-1] o.s.b.w.servlet.FilterRegistrationBean   : Mapping filter: 'requestContextFilter' to: [/*]
2020-08-24 18:25:05.603  INFO 17488 --- [localhost-startStop-1] o.s.b.w.servlet.FilterRegistrationBean   : Mapping filter: 'webStatFilter' to urls: [/*]
2020-08-24 18:25:05.659  INFO 17488 --- [main] c.a.d.s.b.a.DruidDataSourceAutoConfigure : Init DruidDataSource
2020-08-24 18:25:08.542  INFO 17488 --- [main] com.alibaba.druid.pool.DruidDataSource   : {dataSource-1} inited
2020-08-24 18:25:08.923  INFO 17488 --- [main] o.s.w.s.handler.SimpleUrlHandlerMapping  : Mapped URL path [/**/favicon.ico] onto handler of type [class org.springframework.web.servlet.resource.ResourceHttpRequestHandler]
2020-08-24 18:25:09.054  INFO 17488 --- [main] s.w.s.m.m.a.RequestMappingHandlerAdapter : Looking for @ControllerAdvice: org.springframework.boot.web.servlet.context.AnnotationConfigServletWebServerApplicationContext@4ac3c60d: startup date [Mon Aug 24 18:25:04 CST 2020]; root of context hierarchy
2020-08-24 18:25:09.094  INFO 17488 --- [main] s.w.s.m.m.a.RequestMappingHandlerMapping : Mapped "{[/Attacker/analysis],methods=[POST]}" onto public com.lt.utils.DataResultUtil<com.lt.entity.vo.RespAttackerVo> com.lt.controller.AttackerController.AttackerAnalysis(com.lt.entity.vo.ReqVo)
2020-08-24 18:25:09.095  INFO 17488 --- [main] s.w.s.m.m.a.RequestMappingHandlerMapping : Mapped "{[/Attacker/topN],methods=[POST]}" onto public com.lt.utils.DataResultUtil<com.lt.entity.vo.RespAttackerTopNVo> com.lt.controller.AttackerController.topN(com.lt.entity.vo.ReqVo)
2020-08-24 18:25:09.096  INFO 17488 --- [main] s.w.s.m.m.a.RequestMappingHandlerMapping : Mapped "{[/DistributionTrend/all],methods=[POST]}" onto public com.lt.utils.DataResultUtil<com.lt.entity.vo.RespDTVo> com.lt.controller.DTController.DistributionTrend(com.lt.entity.vo.ReqVo)
2020-08-24 18:25:09.097  INFO 17488 --- [main] s.w.s.m.m.a.RequestMappingHandlerMapping : Mapped "{[/report/download],methods=[POST]}" onto public java.lang.String com.lt.controller.ReportDownloadController.downloadFile(com.lt.entity.vo.ReqVo,javax.servlet.http.HttpServletResponse)
2020-08-24 18:25:09.097  INFO 17488 --- [main] s.w.s.m.m.a.RequestMappingHandlerMapping : Mapped "{[/RiskAsset/all],methods=[POST]}" onto public com.lt.utils.DataResultUtil<com.lt.entity.vo.RespAssetVo> com.lt.controller.RiskAssetController.DistributionTrend(com.lt.entity.vo.ReqVo)
2020-08-24 18:25:09.098  INFO 17488 --- [main] s.w.s.m.m.a.RequestMappingHandlerMapping : Mapped "{[/suggestion/all],methods=[POST]}" onto public com.lt.utils.DataResultUtil<com.lt.entity.vo.RespSuggestionVo> com.lt.controller.SuggestionController.getSuggestions(com.lt.entity.vo.ReqVo)
2020-08-24 18:25:09.099  INFO 17488 --- [main] s.w.s.m.m.a.RequestMappingHandlerMapping : Mapped "{[/Victim/analysis],methods=[POST]}" onto public com.lt.utils.DataResultUtil<com.lt.entity.vo.RespVictimVo> com.lt.controller.VictimController.VictimAnalysis(com.lt.entity.vo.ReqVo)
2020-08-24 18:25:09.103  INFO 17488 --- [main] s.w.s.m.m.a.RequestMappingHandlerMapping : Mapped "{[/easypoi/wps/v1/3rd/file/history],methods=[POST]}" onto public cn.afterturn.easypoi.wps.entity.resreq.WpsFileHistoryResponse cn.afterturn.easypoi.wps.controller.EasyPoiFileController.fileHistory(cn.afterturn.easypoi.wps.entity.resreq.WpsFileHistoryRequest)
2020-08-24 18:25:09.103  INFO 17488 --- [main] s.w.s.m.m.a.RequestMappingHandlerMapping : Mapped "{[/easypoi/wps/v1/3rd/file/onnotify],methods=[POST]}" onto public cn.afterturn.easypoi.wps.entity.resreq.WpsResponse cn.afterturn.easypoi.wps.controller.EasyPoiFileController.onNotify(java.util.Map)
2020-08-24 18:25:09.104  INFO 17488 --- [main] s.w.s.m.m.a.RequestMappingHandlerMapping : Mapped "{[/easypoi/wps/v1/3rd/file/new],methods=[POST]}" onto public cn.afterturn.easypoi.wps.entity.resreq.WpsResponse cn.afterturn.easypoi.wps.controller.EasyPoiFileController.fileNew(org.springframework.web.multipart.MultipartFile,java.lang.String)
2020-08-24 18:25:09.104  INFO 17488 --- [main] s.w.s.m.m.a.RequestMappingHandlerMapping : Mapped "{[/easypoi/wps/v1/3rd/file/online],methods=[POST]}" onto public cn.afterturn.easypoi.wps.entity.resreq.WpsResponse cn.afterturn.easypoi.wps.controller.EasyPoiFileController.fileOnline(javax.servlet.http.HttpServletRequest,cn.afterturn.easypoi.wps.entity.resreq.WpsUserRequest)
2020-08-24 18:25:09.104  INFO 17488 --- [main] s.w.s.m.m.a.RequestMappingHandlerMapping : Mapped "{[/easypoi/wps/v1/3rd/file/info],methods=[GET]}" onto public cn.afterturn.easypoi.wps.entity.resreq.WpsFileResponse cn.afterturn.easypoi.wps.controller.EasyPoiFileController.getFileInfo(javax.servlet.http.HttpServletRequest,java.lang.String,java.lang.String)
2020-08-24 18:25:09.105  INFO 17488 --- [main] s.w.s.m.m.a.RequestMappingHandlerMapping : Mapped "{[/easypoi/wps/v1/3rd/file/getViewUrl],methods=[GET]}" onto public cn.afterturn.easypoi.wps.entity.WpsToken cn.afterturn.easypoi.wps.controller.EasyPoiFileController.getViewUrl(java.lang.String)
2020-08-24 18:25:09.105  INFO 17488 --- [main] s.w.s.m.m.a.RequestMappingHandlerMapping : Mapped "{[/easypoi/wps/v1/3rd/file/rename],methods=[PUT]}" onto public cn.afterturn.easypoi.wps.entity.resreq.WpsResponse cn.afterturn.easypoi.wps.controller.EasyPoiFileController.fileRename(javax.servlet.http.HttpServletRequest,cn.afterturn.easypoi.wps.entity.resreq.WpsRenameRequest,java.lang.String)
2020-08-24 18:25:09.105  INFO 17488 --- [main] s.w.s.m.m.a.RequestMappingHandlerMapping : Mapped "{[/easypoi/wps/v1/3rd/file/save],methods=[POST]}" onto public cn.afterturn.easypoi.wps.entity.resreq.WpsFileSaveResponse cn.afterturn.easypoi.wps.controller.EasyPoiFileController.fileSave(javax.servlet.http.HttpServletRequest,java.lang.String,org.springframework.web.multipart.MultipartFile)
2020-08-24 18:25:09.106  INFO 17488 --- [main] s.w.s.m.m.a.RequestMappingHandlerMapping : Mapped "{[/easypoi/wps/v1/3rd/file/version/{version}],methods=[GET]}" onto public cn.afterturn.easypoi.wps.entity.resreq.WpsFileSaveResponse cn.afterturn.easypoi.wps.controller.EasyPoiFileController.fileVersion(javax.servlet.http.HttpServletRequest,java.lang.Integer,java.lang.String)
2020-08-24 18:25:09.106  INFO 17488 --- [main] s.w.s.m.m.a.RequestMappingHandlerMapping : Mapped "{[/easypoi/wps/v1/3rd/file/info],methods=[POST]}" onto public cn.afterturn.easypoi.wps.entity.resreq.WpsUserResponse cn.afterturn.easypoi.wps.controller.EasyPoiUserController.userInfo(cn.afterturn.easypoi.wps.entity.resreq.WpsUserRequest)
2020-08-24 18:25:09.108  INFO 17488 --- [main] s.w.s.m.m.a.RequestMappingHandlerMapping : Mapped "{[/error]}" onto public org.springframework.http.ResponseEntity<java.util.Map<java.lang.String, java.lang.Object>> org.springframework.boot.autoconfigure.web.servlet.error.BasicErrorController.error(javax.servlet.http.HttpServletRequest)
2020-08-24 18:25:09.108  INFO 17488 --- [main] s.w.s.m.m.a.RequestMappingHandlerMapping : Mapped "{[/error],produces=[text/html]}" onto public org.springframework.web.servlet.ModelAndView org.springframework.boot.autoconfigure.web.servlet.error.BasicErrorController.errorHtml(javax.servlet.http.HttpServletRequest,javax.servlet.http.HttpServletResponse)
2020-08-24 18:25:09.129  INFO 17488 --- [main] o.s.w.s.handler.SimpleUrlHandlerMapping  : Mapped URL path [/webjars/**] onto handler of type [class org.springframework.web.servlet.resource.ResourceHttpRequestHandler]
2020-08-24 18:25:09.129  INFO 17488 --- [main] o.s.w.s.handler.SimpleUrlHandlerMapping  : Mapped URL path [/**] onto handler of type [class org.springframework.web.servlet.resource.ResourceHttpRequestHandler]
2020-08-24 18:25:09.348  INFO 17488 --- [main] o.s.j.e.a.AnnotationMBeanExporter        : Registering beans for JMX exposure on startup
2020-08-24 18:25:09.350  INFO 17488 --- [main] o.s.j.e.a.AnnotationMBeanExporter        : Bean with name 'statFilter' has been autodetected for JMX exposure
2020-08-24 18:25:09.350  INFO 17488 --- [main] o.s.j.e.a.AnnotationMBeanExporter        : Bean with name 'dataSource' has been autodetected for JMX exposure
2020-08-24 18:25:09.355  INFO 17488 --- [main] o.s.j.e.a.AnnotationMBeanExporter        : Located MBean 'dataSource': registering with JMX server as MBean [com.alibaba.druid.spring.boot.autoconfigure:name=dataSource,type=DruidDataSourceWrapper]
2020-08-24 18:25:09.356  INFO 17488 --- [main] o.s.j.e.a.AnnotationMBeanExporter        : Located MBean 'statFilter': registering with JMX server as MBean [com.alibaba.druid.filter.stat:name=statFilter,type=StatFilter]
2020-08-24 18:25:09.389  INFO 17488 --- [main] o.s.b.w.embedded.tomcat.TomcatWebServer  : Tomcat started on port(s): 8080 (http) with context path ''
2020-08-24 18:25:09.394  INFO 17488 --- [main] com.lt.AHReportApplication               : Started AHReportApplication in 5.642 seconds (JVM running for 6.526)
2020-08-24 18:25:29.267  INFO 17488 --- [http-nio-8080-exec-2] o.a.c.c.C.[Tomcat].[localhost].[/]       : Initializing Spring FrameworkServlet 'dispatcherServlet'
2020-08-24 18:25:29.268  INFO 17488 --- [http-nio-8080-exec-2] o.s.web.servlet.DispatcherServlet        : FrameworkServlet 'dispatcherServlet': initialization started
2020-08-24 18:25:29.302  INFO 17488 --- [http-nio-8080-exec-2] o.s.web.servlet.DispatcherServlet        : FrameworkServlet 'dispatcherServlet': initialization completed in 34 ms
2020-08-24 18:28:22.057  INFO 6544 --- [main] com.lt.AHReportApplication               : Starting AHReportApplication on LAPTOP-P5N9M6A1 with PID 6544 (D:\DASecurity\safety-report\AHreport\target\classes started by 13779 in D:\DASecurity\safety-report\AHreport)
2020-08-24 18:28:22.061  INFO 6544 --- [main] com.lt.AHReportApplication               : No active profile set, falling back to default profiles: default
2020-08-24 18:28:22.131  INFO 6544 --- [main] ConfigServletWebServerApplicationContext : Refreshing org.springframework.boot.web.servlet.context.AnnotationConfigServletWebServerApplicationContext@15c43bd9: startup date [Mon Aug 24 18:28:22 CST 2020]; root of context hierarchy
2020-08-24 18:28:23.339  INFO 6544 --- [main] o.s.b.w.embedded.tomcat.TomcatWebServer  : Tomcat initialized with port(s): 8080 (http)
2020-08-24 18:28:23.354  INFO 6544 --- [main] o.apache.catalina.core.StandardService   : Starting service [Tomcat]
2020-08-24 18:28:23.354  INFO 6544 --- [main] org.apache.catalina.core.StandardEngine  : Starting Servlet Engine: Apache Tomcat/8.5.32
2020-08-24 18:28:23.357  INFO 6544 --- [localhost-startStop-1] o.a.catalina.core.AprLifecycleListener   : The APR based Apache Tomcat Native library which allows optimal performance in production environments was not found on the java.library.path: [D:\Java\jdk1.8.0_251\bin;C:\Windows\Sun\Java\bin;C:\Windows\system32;C:\Windows;D:\NetSarang\Xftp 6\;D:\NetSarang\Xshell 6\;C:\Program Files (x86)\Common Files\Oracle\Java\javapath;C:\Program Files (x86)\Intel\iCLS Client\;C:\Program Files\Intel\iCLS Client\;C:\Windows\system32;C:\Windows;C:\Windows\System32\Wbem;C:\Windows\System32\WindowsPowerShell\v1.0\;C:\Program Files (x86)\Intel\Intel(R) Management Engine Components\DAL;C:\Program Files\Intel\Intel(R) Management Engine Components\DAL;C:\Program Files (x86)\Intel\Intel(R) Management Engine Components\IPT;C:\Program Files\Intel\Intel(R) Management Engine Components\IPT;C:\Program Files (x86)\NVIDIA Corporation\PhysX\Common;C:\Windows\system32;C:\Windows;C:\Windows\System32\Wbem;C:\Windows\System32\WindowsPowerShell\v1.0\;C:\Windows\System32\OpenSSH\;D:\Java\jdk1.8.0_251\bin;D:\Java\jdk1.8.0_251\jre\bin;D:\Git\cmd;D:\apache-maven-3.6.3\bin;D:\mysql-8.0.21-winx64\bin;D:\IDM Computer Solutions\UltraEdit;D:\nodejs\;D:\phantomjs-2.1.1-windows\bin\;D:\Python\Python35\Scripts\;D:\Python\Python35\;C:\Users\13779\AppData\Local\Microsoft\WindowsApps;D:\Bandizip\;D:\Microsoft VS Code\bin;C:\Users\13779\AppData\Roaming\npm;;.]
2020-08-24 18:28:23.472  INFO 6544 --- [localhost-startStop-1] o.a.c.c.C.[Tomcat].[localhost].[/]       : Initializing Spring embedded WebApplicationContext
2020-08-24 18:28:23.472  INFO 6544 --- [localhost-startStop-1] o.s.web.context.ContextLoader            : Root WebApplicationContext: initialization completed in 1342 ms
2020-08-24 18:28:23.585  INFO 6544 --- [localhost-startStop-1] o.s.b.w.servlet.ServletRegistrationBean  : Servlet dispatcherServlet mapped to [/]
2020-08-24 18:28:23.586  INFO 6544 --- [localhost-startStop-1] o.s.b.w.servlet.ServletRegistrationBean  : Servlet statViewServlet mapped to [/druid/*]
2020-08-24 18:28:23.589  INFO 6544 --- [localhost-startStop-1] o.s.b.w.servlet.FilterRegistrationBean   : Mapping filter: 'characterEncodingFilter' to: [/*]
2020-08-24 18:28:23.589  INFO 6544 --- [localhost-startStop-1] o.s.b.w.servlet.FilterRegistrationBean   : Mapping filter: 'hiddenHttpMethodFilter' to: [/*]
2020-08-24 18:28:23.589  INFO 6544 --- [localhost-startStop-1] o.s.b.w.servlet.FilterRegistrationBean   : Mapping filter: 'httpPutFormContentFilter' to: [/*]
2020-08-24 18:28:23.589  INFO 6544 --- [localhost-startStop-1] o.s.b.w.servlet.FilterRegistrationBean   : Mapping filter: 'requestContextFilter' to: [/*]
2020-08-24 18:28:23.589  INFO 6544 --- [localhost-startStop-1] o.s.b.w.servlet.FilterRegistrationBean   : Mapping filter: 'webStatFilter' to urls: [/*]
2020-08-24 18:28:23.645  INFO 6544 --- [main] c.a.d.s.b.a.DruidDataSourceAutoConfigure : Init DruidDataSource
2020-08-24 18:28:26.654  INFO 6544 --- [main] com.alibaba.druid.pool.DruidDataSource   : {dataSource-1} inited
2020-08-24 18:28:27.036  INFO 6544 --- [main] o.s.w.s.handler.SimpleUrlHandlerMapping  : Mapped URL path [/**/favicon.ico] onto handler of type [class org.springframework.web.servlet.resource.ResourceHttpRequestHandler]
2020-08-24 18:28:27.166  INFO 6544 --- [main] s.w.s.m.m.a.RequestMappingHandlerAdapter : Looking for @ControllerAdvice: org.springframework.boot.web.servlet.context.AnnotationConfigServletWebServerApplicationContext@15c43bd9: startup date [Mon Aug 24 18:28:22 CST 2020]; root of context hierarchy
2020-08-24 18:28:27.206  INFO 6544 --- [main] s.w.s.m.m.a.RequestMappingHandlerMapping : Mapped "{[/Attacker/analysis],methods=[POST]}" onto public com.lt.utils.DataResultUtil<com.lt.entity.vo.RespAttackerVo> com.lt.controller.AttackerController.AttackerAnalysis(com.lt.entity.vo.ReqVo)
2020-08-24 18:28:27.207  INFO 6544 --- [main] s.w.s.m.m.a.RequestMappingHandlerMapping : Mapped "{[/Attacker/topN],methods=[POST]}" onto public com.lt.utils.DataResultUtil<com.lt.entity.vo.RespAttackerTopNVo> com.lt.controller.AttackerController.topN(com.lt.entity.vo.ReqVo)
2020-08-24 18:28:27.208  INFO 6544 --- [main] s.w.s.m.m.a.RequestMappingHandlerMapping : Mapped "{[/DistributionTrend/all],methods=[POST]}" onto public com.lt.utils.DataResultUtil<com.lt.entity.vo.RespDTVo> com.lt.controller.DTController.DistributionTrend(com.lt.entity.vo.ReqVo)
2020-08-24 18:28:27.208  INFO 6544 --- [main] s.w.s.m.m.a.RequestMappingHandlerMapping : Mapped "{[/report/download],methods=[POST]}" onto public java.lang.String com.lt.controller.ReportDownloadController.downloadFile(com.lt.entity.vo.ReqVo,javax.servlet.http.HttpServletResponse)
2020-08-24 18:28:27.209  INFO 6544 --- [main] s.w.s.m.m.a.RequestMappingHandlerMapping : Mapped "{[/RiskAsset/all],methods=[POST]}" onto public com.lt.utils.DataResultUtil<com.lt.entity.vo.RespAssetVo> com.lt.controller.RiskAssetController.DistributionTrend(com.lt.entity.vo.ReqVo)
2020-08-24 18:28:27.209  INFO 6544 --- [main] s.w.s.m.m.a.RequestMappingHandlerMapping : Mapped "{[/suggestion/all],methods=[POST]}" onto public com.lt.utils.DataResultUtil<com.lt.entity.vo.RespSuggestionVo> com.lt.controller.SuggestionController.getSuggestions(com.lt.entity.vo.ReqVo)
2020-08-24 18:28:27.210  INFO 6544 --- [main] s.w.s.m.m.a.RequestMappingHandlerMapping : Mapped "{[/Victim/analysis],methods=[POST]}" onto public com.lt.utils.DataResultUtil<com.lt.entity.vo.RespVictimVo> com.lt.controller.VictimController.VictimAnalysis(com.lt.entity.vo.ReqVo)
2020-08-24 18:28:27.216  INFO 6544 --- [main] s.w.s.m.m.a.RequestMappingHandlerMapping : Mapped "{[/easypoi/wps/v1/3rd/file/rename],methods=[PUT]}" onto public cn.afterturn.easypoi.wps.entity.resreq.WpsResponse cn.afterturn.easypoi.wps.controller.EasyPoiFileController.fileRename(javax.servlet.http.HttpServletRequest,cn.afterturn.easypoi.wps.entity.resreq.WpsRenameRequest,java.lang.String)
2020-08-24 18:28:27.216  INFO 6544 --- [main] s.w.s.m.m.a.RequestMappingHandlerMapping : Mapped "{[/easypoi/wps/v1/3rd/file/getViewUrl],methods=[GET]}" onto public cn.afterturn.easypoi.wps.entity.WpsToken cn.afterturn.easypoi.wps.controller.EasyPoiFileController.getViewUrl(java.lang.String)
2020-08-24 18:28:27.216  INFO 6544 --- [main] s.w.s.m.m.a.RequestMappingHandlerMapping : Mapped "{[/easypoi/wps/v1/3rd/file/version/{version}],methods=[GET]}" onto public cn.afterturn.easypoi.wps.entity.resreq.WpsFileSaveResponse cn.afterturn.easypoi.wps.controller.EasyPoiFileController.fileVersion(javax.servlet.http.HttpServletRequest,java.lang.Integer,java.lang.String)
2020-08-24 18:28:27.216  INFO 6544 --- [main] s.w.s.m.m.a.RequestMappingHandlerMapping : Mapped "{[/easypoi/wps/v1/3rd/file/history],methods=[POST]}" onto public cn.afterturn.easypoi.wps.entity.resreq.WpsFileHistoryResponse cn.afterturn.easypoi.wps.controller.EasyPoiFileController.fileHistory(cn.afterturn.easypoi.wps.entity.resreq.WpsFileHistoryRequest)
2020-08-24 18:28:27.217  INFO 6544 --- [main] s.w.s.m.m.a.RequestMappingHandlerMapping : Mapped "{[/easypoi/wps/v1/3rd/file/new],methods=[POST]}" onto public cn.afterturn.easypoi.wps.entity.resreq.WpsResponse cn.afterturn.easypoi.wps.controller.EasyPoiFileController.fileNew(org.springframework.web.multipart.MultipartFile,java.lang.String)
2020-08-24 18:28:27.217  INFO 6544 --- [main] s.w.s.m.m.a.RequestMappingHandlerMapping : Mapped "{[/easypoi/wps/v1/3rd/file/info],methods=[GET]}" onto public cn.afterturn.easypoi.wps.entity.resreq.WpsFileResponse cn.afterturn.easypoi.wps.controller.EasyPoiFileController.getFileInfo(javax.servlet.http.HttpServletRequest,java.lang.String,java.lang.String)
2020-08-24 18:28:27.217  INFO 6544 --- [main] s.w.s.m.m.a.RequestMappingHandlerMapping : Mapped "{[/easypoi/wps/v1/3rd/file/onnotify],methods=[POST]}" onto public cn.afterturn.easypoi.wps.entity.resreq.WpsResponse cn.afterturn.easypoi.wps.controller.EasyPoiFileController.onNotify(java.util.Map)
2020-08-24 18:28:27.217  INFO 6544 --- [main] s.w.s.m.m.a.RequestMappingHandlerMapping : Mapped "{[/easypoi/wps/v1/3rd/file/online],methods=[POST]}" onto public cn.afterturn.easypoi.wps.entity.resreq.WpsResponse cn.afterturn.easypoi.wps.controller.EasyPoiFileController.fileOnline(javax.servlet.http.HttpServletRequest,cn.afterturn.easypoi.wps.entity.resreq.WpsUserRequest)
2020-08-24 18:28:27.218  INFO 6544 --- [main] s.w.s.m.m.a.RequestMappingHandlerMapping : Mapped "{[/easypoi/wps/v1/3rd/file/save],methods=[POST]}" onto public cn.afterturn.easypoi.wps.entity.resreq.WpsFileSaveResponse cn.afterturn.easypoi.wps.controller.EasyPoiFileController.fileSave(javax.servlet.http.HttpServletRequest,java.lang.String,org.springframework.web.multipart.MultipartFile)
2020-08-24 18:28:27.218  INFO 6544 --- [main] s.w.s.m.m.a.RequestMappingHandlerMapping : Mapped "{[/easypoi/wps/v1/3rd/file/info],methods=[POST]}" onto public cn.afterturn.easypoi.wps.entity.resreq.WpsUserResponse cn.afterturn.easypoi.wps.controller.EasyPoiUserController.userInfo(cn.afterturn.easypoi.wps.entity.resreq.WpsUserRequest)
2020-08-24 18:28:27.220  INFO 6544 --- [main] s.w.s.m.m.a.RequestMappingHandlerMapping : Mapped "{[/error]}" onto public org.springframework.http.ResponseEntity<java.util.Map<java.lang.String, java.lang.Object>> org.springframework.boot.autoconfigure.web.servlet.error.BasicErrorController.error(javax.servlet.http.HttpServletRequest)
2020-08-24 18:28:27.221  INFO 6544 --- [main] s.w.s.m.m.a.RequestMappingHandlerMapping : Mapped "{[/error],produces=[text/html]}" onto public org.springframework.web.servlet.ModelAndView org.springframework.boot.autoconfigure.web.servlet.error.BasicErrorController.errorHtml(javax.servlet.http.HttpServletRequest,javax.servlet.http.HttpServletResponse)
2020-08-24 18:28:27.245  INFO 6544 --- [main] o.s.w.s.handler.SimpleUrlHandlerMapping  : Mapped URL path [/webjars/**] onto handler of type [class org.springframework.web.servlet.resource.ResourceHttpRequestHandler]
2020-08-24 18:28:27.245  INFO 6544 --- [main] o.s.w.s.handler.SimpleUrlHandlerMapping  : Mapped URL path [/**] onto handler of type [class org.springframework.web.servlet.resource.ResourceHttpRequestHandler]
2020-08-24 18:28:27.458  INFO 6544 --- [main] o.s.j.e.a.AnnotationMBeanExporter        : Registering beans for JMX exposure on startup
2020-08-24 18:28:27.460  INFO 6544 --- [main] o.s.j.e.a.AnnotationMBeanExporter        : Bean with name 'statFilter' has been autodetected for JMX exposure
2020-08-24 18:28:27.460  INFO 6544 --- [main] o.s.j.e.a.AnnotationMBeanExporter        : Bean with name 'dataSource' has been autodetected for JMX exposure
2020-08-24 18:28:27.466  INFO 6544 --- [main] o.s.j.e.a.AnnotationMBeanExporter        : Located MBean 'dataSource': registering with JMX server as MBean [com.alibaba.druid.spring.boot.autoconfigure:name=dataSource,type=DruidDataSourceWrapper]
2020-08-24 18:28:27.467  INFO 6544 --- [main] o.s.j.e.a.AnnotationMBeanExporter        : Located MBean 'statFilter': registering with JMX server as MBean [com.alibaba.druid.filter.stat:name=statFilter,type=StatFilter]
2020-08-24 18:28:27.495  INFO 6544 --- [main] o.s.b.w.embedded.tomcat.TomcatWebServer  : Tomcat started on port(s): 8080 (http) with context path ''
2020-08-24 18:28:27.498  INFO 6544 --- [main] com.lt.AHReportApplication               : Started AHReportApplication in 5.78 seconds (JVM running for 6.676)
2020-08-24 18:28:40.521  INFO 6544 --- [http-nio-8080-exec-1] o.a.c.c.C.[Tomcat].[localhost].[/]       : Initializing Spring FrameworkServlet 'dispatcherServlet'
2020-08-24 18:28:40.521  INFO 6544 --- [http-nio-8080-exec-1] o.s.web.servlet.DispatcherServlet        : FrameworkServlet 'dispatcherServlet': initialization started
2020-08-24 18:28:40.559  INFO 6544 --- [http-nio-8080-exec-1] o.s.web.servlet.DispatcherServlet        : FrameworkServlet 'dispatcherServlet': initialization completed in 38 ms
